#! /usr/bin/vvp
:ivl_version "10.1 (stable)";
:ivl_delay_selection "TYPICAL";
:vpi_time_precision - 9;
:vpi_module "system";
:vpi_module "vhdl_sys";
:vpi_module "v2005_math";
:vpi_module "va_math";
S_0x561f5a8737e0 .scope module, "datapath_tb" "datapath_tb" 2 4;
 .timescale -9 -9;
o0x7f05ff4c08a8 .functor BUFZ 1, C4<z>; HiZ drive
v0x561f5a8b5ab0_0 .net "TR_ZF", 0 0, o0x7f05ff4c08a8;  0 drivers
v0x561f5a8b5b50_0 .var "intTr", 31 0;
S_0x561f5a873960 .scope module, "DUV" "datapath" 2 9, 3 3 0, S_0x561f5a8737e0;
 .timescale -9 -9;
    .port_info 0 /INPUT 32 "intTr"
    .port_info 1 /OUTPUT 1 "TR_ZF"
v0x561f5a8b4e60_0 .net "TR_ZF", 0 0, o0x7f05ff4c08a8;  alias, 0 drivers
v0x561f5a8b4f40_0 .net "TR_zf", 0 0, v0x561f5a8aecb0_0;  1 drivers
v0x561f5a8b5000_0 .net "c_AluOp", 2 0, v0x561f5a8b4300_0;  1 drivers
v0x561f5a8b5120_0 .net "c_MemToReg", 0 0, v0x561f5a8b43e0_0;  1 drivers
v0x561f5a8b5210_0 .net "c_MemToWrite", 0 0, v0x561f5a8b4480_0;  1 drivers
v0x561f5a8b5350_0 .net "c_R", 31 0, v0x561f5a8b4c50_0;  1 drivers
v0x561f5a8b5440_0 .net "c_ReadData", 31 0, v0x561f5a8b3850_0;  1 drivers
v0x561f5a8b5530_0 .net "c_ReadData1", 31 0, v0x561f5a8b2c30_0;  1 drivers
v0x561f5a8b5640_0 .net "c_ReadData2", 31 0, v0x561f5a8b2cf0_0;  1 drivers
v0x561f5a8b5700_0 .net "c_RegWrite", 0 0, v0x561f5a8b4550_0;  1 drivers
v0x561f5a8b57a0_0 .net "c_Sel", 2 0, v0x561f5a8ae590_0;  1 drivers
v0x561f5a8b58b0_0 .net "c_res", 31 0, v0x561f5a8aeb30_0;  1 drivers
v0x561f5a8b5970_0 .net "intTr", 31 0, v0x561f5a8b5b50_0;  1 drivers
L_0x561f5a8b5bf0 .part v0x561f5a8b5b50_0, 26, 6;
L_0x561f5a8b5ce0 .part v0x561f5a8b5b50_0, 21, 5;
L_0x561f5a8b5d80 .part v0x561f5a8b5b50_0, 16, 5;
L_0x561f5a8b5eb0 .part v0x561f5a8b5b50_0, 11, 5;
L_0x561f5a8b5f50 .part v0x561f5a8b5b50_0, 0, 6;
S_0x561f5a88b6f0 .scope module, "AluC_1" "AluC" 3 48, 4 3 0, S_0x561f5a873960;
 .timescale -9 -9;
    .port_info 0 /INPUT 6 "func"
    .port_info 1 /INPUT 3 "AluOp"
    .port_info 2 /OUTPUT 3 "sel"
v0x561f5a88b910_0 .net "AluOp", 2 0, v0x561f5a8b4300_0;  alias, 1 drivers
v0x561f5a8ae4b0_0 .net "func", 5 0, L_0x561f5a8b5f50;  1 drivers
v0x561f5a8ae590_0 .var "sel", 2 0;
E_0x561f5a8675f0 .event edge, v0x561f5a88b910_0, v0x561f5a8ae4b0_0;
S_0x561f5a8ae6d0 .scope module, "Alu_1" "Alu" 3 54, 5 1 0, S_0x561f5a873960;
 .timescale -9 -9;
    .port_info 0 /INPUT 32 "op1"
    .port_info 1 /INPUT 32 "op2"
    .port_info 2 /INPUT 3 "sel"
    .port_info 3 /OUTPUT 32 "res"
    .port_info 4 /OUTPUT 1 "zeroflag"
v0x561f5a8ae950_0 .net "op1", 31 0, v0x561f5a8b2c30_0;  alias, 1 drivers
v0x561f5a8aea50_0 .net "op2", 31 0, v0x561f5a8b2cf0_0;  alias, 1 drivers
v0x561f5a8aeb30_0 .var "res", 31 0;
v0x561f5a8aebf0_0 .net "sel", 2 0, v0x561f5a8ae590_0;  alias, 1 drivers
v0x561f5a8aecb0_0 .var "zeroflag", 0 0;
E_0x561f5a867df0 .event edge, v0x561f5a8ae590_0, v0x561f5a8ae950_0, v0x561f5a8aea50_0, v0x561f5a8aeb30_0;
S_0x561f5a8aee40 .scope module, "BR_1" "BR" 3 38, 6 3 0, S_0x561f5a873960;
 .timescale -9 -9;
    .port_info 0 /INPUT 5 "ReadRegister1"
    .port_info 1 /INPUT 5 "ReadRegister2"
    .port_info 2 /INPUT 5 "WriteRegister"
    .port_info 3 /INPUT 1 "RegEn"
    .port_info 4 /INPUT 32 "WriteData"
    .port_info 5 /OUTPUT 32 "ReadData1"
    .port_info 6 /OUTPUT 32 "ReadData2"
v0x561f5a8afab0 .array "BR", 310 0, 31 0;
v0x561f5a8b2c30_0 .var "ReadData1", 31 0;
v0x561f5a8b2cf0_0 .var "ReadData2", 31 0;
v0x561f5a8b2df0_0 .net "ReadRegister1", 4 0, L_0x561f5a8b5ce0;  1 drivers
v0x561f5a8b2e90_0 .net "ReadRegister2", 4 0, L_0x561f5a8b5d80;  1 drivers
v0x561f5a8b2fc0_0 .net "RegEn", 0 0, v0x561f5a8b4550_0;  alias, 1 drivers
v0x561f5a8b3080_0 .net "WriteData", 31 0, v0x561f5a8b4c50_0;  alias, 1 drivers
v0x561f5a8b3160_0 .net "WriteRegister", 4 0, L_0x561f5a8b5eb0;  1 drivers
E_0x561f5a868050/0 .event edge, v0x561f5a8b2fc0_0, v0x561f5a8b3080_0, v0x561f5a8b3160_0, v0x561f5a8b2df0_0;
v0x561f5a8afab0_0 .array/port v0x561f5a8afab0, 0;
v0x561f5a8afab0_1 .array/port v0x561f5a8afab0, 1;
v0x561f5a8afab0_2 .array/port v0x561f5a8afab0, 2;
v0x561f5a8afab0_3 .array/port v0x561f5a8afab0, 3;
E_0x561f5a868050/1 .event edge, v0x561f5a8afab0_0, v0x561f5a8afab0_1, v0x561f5a8afab0_2, v0x561f5a8afab0_3;
v0x561f5a8afab0_4 .array/port v0x561f5a8afab0, 4;
v0x561f5a8afab0_5 .array/port v0x561f5a8afab0, 5;
v0x561f5a8afab0_6 .array/port v0x561f5a8afab0, 6;
v0x561f5a8afab0_7 .array/port v0x561f5a8afab0, 7;
E_0x561f5a868050/2 .event edge, v0x561f5a8afab0_4, v0x561f5a8afab0_5, v0x561f5a8afab0_6, v0x561f5a8afab0_7;
v0x561f5a8afab0_8 .array/port v0x561f5a8afab0, 8;
v0x561f5a8afab0_9 .array/port v0x561f5a8afab0, 9;
v0x561f5a8afab0_10 .array/port v0x561f5a8afab0, 10;
v0x561f5a8afab0_11 .array/port v0x561f5a8afab0, 11;
E_0x561f5a868050/3 .event edge, v0x561f5a8afab0_8, v0x561f5a8afab0_9, v0x561f5a8afab0_10, v0x561f5a8afab0_11;
v0x561f5a8afab0_12 .array/port v0x561f5a8afab0, 12;
v0x561f5a8afab0_13 .array/port v0x561f5a8afab0, 13;
v0x561f5a8afab0_14 .array/port v0x561f5a8afab0, 14;
v0x561f5a8afab0_15 .array/port v0x561f5a8afab0, 15;
E_0x561f5a868050/4 .event edge, v0x561f5a8afab0_12, v0x561f5a8afab0_13, v0x561f5a8afab0_14, v0x561f5a8afab0_15;
v0x561f5a8afab0_16 .array/port v0x561f5a8afab0, 16;
v0x561f5a8afab0_17 .array/port v0x561f5a8afab0, 17;
v0x561f5a8afab0_18 .array/port v0x561f5a8afab0, 18;
v0x561f5a8afab0_19 .array/port v0x561f5a8afab0, 19;
E_0x561f5a868050/5 .event edge, v0x561f5a8afab0_16, v0x561f5a8afab0_17, v0x561f5a8afab0_18, v0x561f5a8afab0_19;
v0x561f5a8afab0_20 .array/port v0x561f5a8afab0, 20;
v0x561f5a8afab0_21 .array/port v0x561f5a8afab0, 21;
v0x561f5a8afab0_22 .array/port v0x561f5a8afab0, 22;
v0x561f5a8afab0_23 .array/port v0x561f5a8afab0, 23;
E_0x561f5a868050/6 .event edge, v0x561f5a8afab0_20, v0x561f5a8afab0_21, v0x561f5a8afab0_22, v0x561f5a8afab0_23;
v0x561f5a8afab0_24 .array/port v0x561f5a8afab0, 24;
v0x561f5a8afab0_25 .array/port v0x561f5a8afab0, 25;
v0x561f5a8afab0_26 .array/port v0x561f5a8afab0, 26;
v0x561f5a8afab0_27 .array/port v0x561f5a8afab0, 27;
E_0x561f5a868050/7 .event edge, v0x561f5a8afab0_24, v0x561f5a8afab0_25, v0x561f5a8afab0_26, v0x561f5a8afab0_27;
v0x561f5a8afab0_28 .array/port v0x561f5a8afab0, 28;
v0x561f5a8afab0_29 .array/port v0x561f5a8afab0, 29;
v0x561f5a8afab0_30 .array/port v0x561f5a8afab0, 30;
v0x561f5a8afab0_31 .array/port v0x561f5a8afab0, 31;
E_0x561f5a868050/8 .event edge, v0x561f5a8afab0_28, v0x561f5a8afab0_29, v0x561f5a8afab0_30, v0x561f5a8afab0_31;
v0x561f5a8afab0_32 .array/port v0x561f5a8afab0, 32;
v0x561f5a8afab0_33 .array/port v0x561f5a8afab0, 33;
v0x561f5a8afab0_34 .array/port v0x561f5a8afab0, 34;
v0x561f5a8afab0_35 .array/port v0x561f5a8afab0, 35;
E_0x561f5a868050/9 .event edge, v0x561f5a8afab0_32, v0x561f5a8afab0_33, v0x561f5a8afab0_34, v0x561f5a8afab0_35;
v0x561f5a8afab0_36 .array/port v0x561f5a8afab0, 36;
v0x561f5a8afab0_37 .array/port v0x561f5a8afab0, 37;
v0x561f5a8afab0_38 .array/port v0x561f5a8afab0, 38;
v0x561f5a8afab0_39 .array/port v0x561f5a8afab0, 39;
E_0x561f5a868050/10 .event edge, v0x561f5a8afab0_36, v0x561f5a8afab0_37, v0x561f5a8afab0_38, v0x561f5a8afab0_39;
v0x561f5a8afab0_40 .array/port v0x561f5a8afab0, 40;
v0x561f5a8afab0_41 .array/port v0x561f5a8afab0, 41;
v0x561f5a8afab0_42 .array/port v0x561f5a8afab0, 42;
v0x561f5a8afab0_43 .array/port v0x561f5a8afab0, 43;
E_0x561f5a868050/11 .event edge, v0x561f5a8afab0_40, v0x561f5a8afab0_41, v0x561f5a8afab0_42, v0x561f5a8afab0_43;
v0x561f5a8afab0_44 .array/port v0x561f5a8afab0, 44;
v0x561f5a8afab0_45 .array/port v0x561f5a8afab0, 45;
v0x561f5a8afab0_46 .array/port v0x561f5a8afab0, 46;
v0x561f5a8afab0_47 .array/port v0x561f5a8afab0, 47;
E_0x561f5a868050/12 .event edge, v0x561f5a8afab0_44, v0x561f5a8afab0_45, v0x561f5a8afab0_46, v0x561f5a8afab0_47;
v0x561f5a8afab0_48 .array/port v0x561f5a8afab0, 48;
v0x561f5a8afab0_49 .array/port v0x561f5a8afab0, 49;
v0x561f5a8afab0_50 .array/port v0x561f5a8afab0, 50;
v0x561f5a8afab0_51 .array/port v0x561f5a8afab0, 51;
E_0x561f5a868050/13 .event edge, v0x561f5a8afab0_48, v0x561f5a8afab0_49, v0x561f5a8afab0_50, v0x561f5a8afab0_51;
v0x561f5a8afab0_52 .array/port v0x561f5a8afab0, 52;
v0x561f5a8afab0_53 .array/port v0x561f5a8afab0, 53;
v0x561f5a8afab0_54 .array/port v0x561f5a8afab0, 54;
v0x561f5a8afab0_55 .array/port v0x561f5a8afab0, 55;
E_0x561f5a868050/14 .event edge, v0x561f5a8afab0_52, v0x561f5a8afab0_53, v0x561f5a8afab0_54, v0x561f5a8afab0_55;
v0x561f5a8afab0_56 .array/port v0x561f5a8afab0, 56;
v0x561f5a8afab0_57 .array/port v0x561f5a8afab0, 57;
v0x561f5a8afab0_58 .array/port v0x561f5a8afab0, 58;
v0x561f5a8afab0_59 .array/port v0x561f5a8afab0, 59;
E_0x561f5a868050/15 .event edge, v0x561f5a8afab0_56, v0x561f5a8afab0_57, v0x561f5a8afab0_58, v0x561f5a8afab0_59;
v0x561f5a8afab0_60 .array/port v0x561f5a8afab0, 60;
v0x561f5a8afab0_61 .array/port v0x561f5a8afab0, 61;
v0x561f5a8afab0_62 .array/port v0x561f5a8afab0, 62;
v0x561f5a8afab0_63 .array/port v0x561f5a8afab0, 63;
E_0x561f5a868050/16 .event edge, v0x561f5a8afab0_60, v0x561f5a8afab0_61, v0x561f5a8afab0_62, v0x561f5a8afab0_63;
v0x561f5a8afab0_64 .array/port v0x561f5a8afab0, 64;
v0x561f5a8afab0_65 .array/port v0x561f5a8afab0, 65;
v0x561f5a8afab0_66 .array/port v0x561f5a8afab0, 66;
v0x561f5a8afab0_67 .array/port v0x561f5a8afab0, 67;
E_0x561f5a868050/17 .event edge, v0x561f5a8afab0_64, v0x561f5a8afab0_65, v0x561f5a8afab0_66, v0x561f5a8afab0_67;
v0x561f5a8afab0_68 .array/port v0x561f5a8afab0, 68;
v0x561f5a8afab0_69 .array/port v0x561f5a8afab0, 69;
v0x561f5a8afab0_70 .array/port v0x561f5a8afab0, 70;
v0x561f5a8afab0_71 .array/port v0x561f5a8afab0, 71;
E_0x561f5a868050/18 .event edge, v0x561f5a8afab0_68, v0x561f5a8afab0_69, v0x561f5a8afab0_70, v0x561f5a8afab0_71;
v0x561f5a8afab0_72 .array/port v0x561f5a8afab0, 72;
v0x561f5a8afab0_73 .array/port v0x561f5a8afab0, 73;
v0x561f5a8afab0_74 .array/port v0x561f5a8afab0, 74;
v0x561f5a8afab0_75 .array/port v0x561f5a8afab0, 75;
E_0x561f5a868050/19 .event edge, v0x561f5a8afab0_72, v0x561f5a8afab0_73, v0x561f5a8afab0_74, v0x561f5a8afab0_75;
v0x561f5a8afab0_76 .array/port v0x561f5a8afab0, 76;
v0x561f5a8afab0_77 .array/port v0x561f5a8afab0, 77;
v0x561f5a8afab0_78 .array/port v0x561f5a8afab0, 78;
v0x561f5a8afab0_79 .array/port v0x561f5a8afab0, 79;
E_0x561f5a868050/20 .event edge, v0x561f5a8afab0_76, v0x561f5a8afab0_77, v0x561f5a8afab0_78, v0x561f5a8afab0_79;
v0x561f5a8afab0_80 .array/port v0x561f5a8afab0, 80;
v0x561f5a8afab0_81 .array/port v0x561f5a8afab0, 81;
v0x561f5a8afab0_82 .array/port v0x561f5a8afab0, 82;
v0x561f5a8afab0_83 .array/port v0x561f5a8afab0, 83;
E_0x561f5a868050/21 .event edge, v0x561f5a8afab0_80, v0x561f5a8afab0_81, v0x561f5a8afab0_82, v0x561f5a8afab0_83;
v0x561f5a8afab0_84 .array/port v0x561f5a8afab0, 84;
v0x561f5a8afab0_85 .array/port v0x561f5a8afab0, 85;
v0x561f5a8afab0_86 .array/port v0x561f5a8afab0, 86;
v0x561f5a8afab0_87 .array/port v0x561f5a8afab0, 87;
E_0x561f5a868050/22 .event edge, v0x561f5a8afab0_84, v0x561f5a8afab0_85, v0x561f5a8afab0_86, v0x561f5a8afab0_87;
v0x561f5a8afab0_88 .array/port v0x561f5a8afab0, 88;
v0x561f5a8afab0_89 .array/port v0x561f5a8afab0, 89;
v0x561f5a8afab0_90 .array/port v0x561f5a8afab0, 90;
v0x561f5a8afab0_91 .array/port v0x561f5a8afab0, 91;
E_0x561f5a868050/23 .event edge, v0x561f5a8afab0_88, v0x561f5a8afab0_89, v0x561f5a8afab0_90, v0x561f5a8afab0_91;
v0x561f5a8afab0_92 .array/port v0x561f5a8afab0, 92;
v0x561f5a8afab0_93 .array/port v0x561f5a8afab0, 93;
v0x561f5a8afab0_94 .array/port v0x561f5a8afab0, 94;
v0x561f5a8afab0_95 .array/port v0x561f5a8afab0, 95;
E_0x561f5a868050/24 .event edge, v0x561f5a8afab0_92, v0x561f5a8afab0_93, v0x561f5a8afab0_94, v0x561f5a8afab0_95;
v0x561f5a8afab0_96 .array/port v0x561f5a8afab0, 96;
v0x561f5a8afab0_97 .array/port v0x561f5a8afab0, 97;
v0x561f5a8afab0_98 .array/port v0x561f5a8afab0, 98;
v0x561f5a8afab0_99 .array/port v0x561f5a8afab0, 99;
E_0x561f5a868050/25 .event edge, v0x561f5a8afab0_96, v0x561f5a8afab0_97, v0x561f5a8afab0_98, v0x561f5a8afab0_99;
v0x561f5a8afab0_100 .array/port v0x561f5a8afab0, 100;
v0x561f5a8afab0_101 .array/port v0x561f5a8afab0, 101;
v0x561f5a8afab0_102 .array/port v0x561f5a8afab0, 102;
v0x561f5a8afab0_103 .array/port v0x561f5a8afab0, 103;
E_0x561f5a868050/26 .event edge, v0x561f5a8afab0_100, v0x561f5a8afab0_101, v0x561f5a8afab0_102, v0x561f5a8afab0_103;
v0x561f5a8afab0_104 .array/port v0x561f5a8afab0, 104;
v0x561f5a8afab0_105 .array/port v0x561f5a8afab0, 105;
v0x561f5a8afab0_106 .array/port v0x561f5a8afab0, 106;
v0x561f5a8afab0_107 .array/port v0x561f5a8afab0, 107;
E_0x561f5a868050/27 .event edge, v0x561f5a8afab0_104, v0x561f5a8afab0_105, v0x561f5a8afab0_106, v0x561f5a8afab0_107;
v0x561f5a8afab0_108 .array/port v0x561f5a8afab0, 108;
v0x561f5a8afab0_109 .array/port v0x561f5a8afab0, 109;
v0x561f5a8afab0_110 .array/port v0x561f5a8afab0, 110;
v0x561f5a8afab0_111 .array/port v0x561f5a8afab0, 111;
E_0x561f5a868050/28 .event edge, v0x561f5a8afab0_108, v0x561f5a8afab0_109, v0x561f5a8afab0_110, v0x561f5a8afab0_111;
v0x561f5a8afab0_112 .array/port v0x561f5a8afab0, 112;
v0x561f5a8afab0_113 .array/port v0x561f5a8afab0, 113;
v0x561f5a8afab0_114 .array/port v0x561f5a8afab0, 114;
v0x561f5a8afab0_115 .array/port v0x561f5a8afab0, 115;
E_0x561f5a868050/29 .event edge, v0x561f5a8afab0_112, v0x561f5a8afab0_113, v0x561f5a8afab0_114, v0x561f5a8afab0_115;
v0x561f5a8afab0_116 .array/port v0x561f5a8afab0, 116;
v0x561f5a8afab0_117 .array/port v0x561f5a8afab0, 117;
v0x561f5a8afab0_118 .array/port v0x561f5a8afab0, 118;
v0x561f5a8afab0_119 .array/port v0x561f5a8afab0, 119;
E_0x561f5a868050/30 .event edge, v0x561f5a8afab0_116, v0x561f5a8afab0_117, v0x561f5a8afab0_118, v0x561f5a8afab0_119;
v0x561f5a8afab0_120 .array/port v0x561f5a8afab0, 120;
v0x561f5a8afab0_121 .array/port v0x561f5a8afab0, 121;
v0x561f5a8afab0_122 .array/port v0x561f5a8afab0, 122;
v0x561f5a8afab0_123 .array/port v0x561f5a8afab0, 123;
E_0x561f5a868050/31 .event edge, v0x561f5a8afab0_120, v0x561f5a8afab0_121, v0x561f5a8afab0_122, v0x561f5a8afab0_123;
v0x561f5a8afab0_124 .array/port v0x561f5a8afab0, 124;
v0x561f5a8afab0_125 .array/port v0x561f5a8afab0, 125;
v0x561f5a8afab0_126 .array/port v0x561f5a8afab0, 126;
v0x561f5a8afab0_127 .array/port v0x561f5a8afab0, 127;
E_0x561f5a868050/32 .event edge, v0x561f5a8afab0_124, v0x561f5a8afab0_125, v0x561f5a8afab0_126, v0x561f5a8afab0_127;
v0x561f5a8afab0_128 .array/port v0x561f5a8afab0, 128;
v0x561f5a8afab0_129 .array/port v0x561f5a8afab0, 129;
v0x561f5a8afab0_130 .array/port v0x561f5a8afab0, 130;
v0x561f5a8afab0_131 .array/port v0x561f5a8afab0, 131;
E_0x561f5a868050/33 .event edge, v0x561f5a8afab0_128, v0x561f5a8afab0_129, v0x561f5a8afab0_130, v0x561f5a8afab0_131;
v0x561f5a8afab0_132 .array/port v0x561f5a8afab0, 132;
v0x561f5a8afab0_133 .array/port v0x561f5a8afab0, 133;
v0x561f5a8afab0_134 .array/port v0x561f5a8afab0, 134;
v0x561f5a8afab0_135 .array/port v0x561f5a8afab0, 135;
E_0x561f5a868050/34 .event edge, v0x561f5a8afab0_132, v0x561f5a8afab0_133, v0x561f5a8afab0_134, v0x561f5a8afab0_135;
v0x561f5a8afab0_136 .array/port v0x561f5a8afab0, 136;
v0x561f5a8afab0_137 .array/port v0x561f5a8afab0, 137;
v0x561f5a8afab0_138 .array/port v0x561f5a8afab0, 138;
v0x561f5a8afab0_139 .array/port v0x561f5a8afab0, 139;
E_0x561f5a868050/35 .event edge, v0x561f5a8afab0_136, v0x561f5a8afab0_137, v0x561f5a8afab0_138, v0x561f5a8afab0_139;
v0x561f5a8afab0_140 .array/port v0x561f5a8afab0, 140;
v0x561f5a8afab0_141 .array/port v0x561f5a8afab0, 141;
v0x561f5a8afab0_142 .array/port v0x561f5a8afab0, 142;
v0x561f5a8afab0_143 .array/port v0x561f5a8afab0, 143;
E_0x561f5a868050/36 .event edge, v0x561f5a8afab0_140, v0x561f5a8afab0_141, v0x561f5a8afab0_142, v0x561f5a8afab0_143;
v0x561f5a8afab0_144 .array/port v0x561f5a8afab0, 144;
v0x561f5a8afab0_145 .array/port v0x561f5a8afab0, 145;
v0x561f5a8afab0_146 .array/port v0x561f5a8afab0, 146;
v0x561f5a8afab0_147 .array/port v0x561f5a8afab0, 147;
E_0x561f5a868050/37 .event edge, v0x561f5a8afab0_144, v0x561f5a8afab0_145, v0x561f5a8afab0_146, v0x561f5a8afab0_147;
v0x561f5a8afab0_148 .array/port v0x561f5a8afab0, 148;
v0x561f5a8afab0_149 .array/port v0x561f5a8afab0, 149;
v0x561f5a8afab0_150 .array/port v0x561f5a8afab0, 150;
v0x561f5a8afab0_151 .array/port v0x561f5a8afab0, 151;
E_0x561f5a868050/38 .event edge, v0x561f5a8afab0_148, v0x561f5a8afab0_149, v0x561f5a8afab0_150, v0x561f5a8afab0_151;
v0x561f5a8afab0_152 .array/port v0x561f5a8afab0, 152;
v0x561f5a8afab0_153 .array/port v0x561f5a8afab0, 153;
v0x561f5a8afab0_154 .array/port v0x561f5a8afab0, 154;
v0x561f5a8afab0_155 .array/port v0x561f5a8afab0, 155;
E_0x561f5a868050/39 .event edge, v0x561f5a8afab0_152, v0x561f5a8afab0_153, v0x561f5a8afab0_154, v0x561f5a8afab0_155;
v0x561f5a8afab0_156 .array/port v0x561f5a8afab0, 156;
v0x561f5a8afab0_157 .array/port v0x561f5a8afab0, 157;
v0x561f5a8afab0_158 .array/port v0x561f5a8afab0, 158;
v0x561f5a8afab0_159 .array/port v0x561f5a8afab0, 159;
E_0x561f5a868050/40 .event edge, v0x561f5a8afab0_156, v0x561f5a8afab0_157, v0x561f5a8afab0_158, v0x561f5a8afab0_159;
v0x561f5a8afab0_160 .array/port v0x561f5a8afab0, 160;
v0x561f5a8afab0_161 .array/port v0x561f5a8afab0, 161;
v0x561f5a8afab0_162 .array/port v0x561f5a8afab0, 162;
v0x561f5a8afab0_163 .array/port v0x561f5a8afab0, 163;
E_0x561f5a868050/41 .event edge, v0x561f5a8afab0_160, v0x561f5a8afab0_161, v0x561f5a8afab0_162, v0x561f5a8afab0_163;
v0x561f5a8afab0_164 .array/port v0x561f5a8afab0, 164;
v0x561f5a8afab0_165 .array/port v0x561f5a8afab0, 165;
v0x561f5a8afab0_166 .array/port v0x561f5a8afab0, 166;
v0x561f5a8afab0_167 .array/port v0x561f5a8afab0, 167;
E_0x561f5a868050/42 .event edge, v0x561f5a8afab0_164, v0x561f5a8afab0_165, v0x561f5a8afab0_166, v0x561f5a8afab0_167;
v0x561f5a8afab0_168 .array/port v0x561f5a8afab0, 168;
v0x561f5a8afab0_169 .array/port v0x561f5a8afab0, 169;
v0x561f5a8afab0_170 .array/port v0x561f5a8afab0, 170;
v0x561f5a8afab0_171 .array/port v0x561f5a8afab0, 171;
E_0x561f5a868050/43 .event edge, v0x561f5a8afab0_168, v0x561f5a8afab0_169, v0x561f5a8afab0_170, v0x561f5a8afab0_171;
v0x561f5a8afab0_172 .array/port v0x561f5a8afab0, 172;
v0x561f5a8afab0_173 .array/port v0x561f5a8afab0, 173;
v0x561f5a8afab0_174 .array/port v0x561f5a8afab0, 174;
v0x561f5a8afab0_175 .array/port v0x561f5a8afab0, 175;
E_0x561f5a868050/44 .event edge, v0x561f5a8afab0_172, v0x561f5a8afab0_173, v0x561f5a8afab0_174, v0x561f5a8afab0_175;
v0x561f5a8afab0_176 .array/port v0x561f5a8afab0, 176;
v0x561f5a8afab0_177 .array/port v0x561f5a8afab0, 177;
v0x561f5a8afab0_178 .array/port v0x561f5a8afab0, 178;
v0x561f5a8afab0_179 .array/port v0x561f5a8afab0, 179;
E_0x561f5a868050/45 .event edge, v0x561f5a8afab0_176, v0x561f5a8afab0_177, v0x561f5a8afab0_178, v0x561f5a8afab0_179;
v0x561f5a8afab0_180 .array/port v0x561f5a8afab0, 180;
v0x561f5a8afab0_181 .array/port v0x561f5a8afab0, 181;
v0x561f5a8afab0_182 .array/port v0x561f5a8afab0, 182;
v0x561f5a8afab0_183 .array/port v0x561f5a8afab0, 183;
E_0x561f5a868050/46 .event edge, v0x561f5a8afab0_180, v0x561f5a8afab0_181, v0x561f5a8afab0_182, v0x561f5a8afab0_183;
v0x561f5a8afab0_184 .array/port v0x561f5a8afab0, 184;
v0x561f5a8afab0_185 .array/port v0x561f5a8afab0, 185;
v0x561f5a8afab0_186 .array/port v0x561f5a8afab0, 186;
v0x561f5a8afab0_187 .array/port v0x561f5a8afab0, 187;
E_0x561f5a868050/47 .event edge, v0x561f5a8afab0_184, v0x561f5a8afab0_185, v0x561f5a8afab0_186, v0x561f5a8afab0_187;
v0x561f5a8afab0_188 .array/port v0x561f5a8afab0, 188;
v0x561f5a8afab0_189 .array/port v0x561f5a8afab0, 189;
v0x561f5a8afab0_190 .array/port v0x561f5a8afab0, 190;
v0x561f5a8afab0_191 .array/port v0x561f5a8afab0, 191;
E_0x561f5a868050/48 .event edge, v0x561f5a8afab0_188, v0x561f5a8afab0_189, v0x561f5a8afab0_190, v0x561f5a8afab0_191;
v0x561f5a8afab0_192 .array/port v0x561f5a8afab0, 192;
v0x561f5a8afab0_193 .array/port v0x561f5a8afab0, 193;
v0x561f5a8afab0_194 .array/port v0x561f5a8afab0, 194;
v0x561f5a8afab0_195 .array/port v0x561f5a8afab0, 195;
E_0x561f5a868050/49 .event edge, v0x561f5a8afab0_192, v0x561f5a8afab0_193, v0x561f5a8afab0_194, v0x561f5a8afab0_195;
v0x561f5a8afab0_196 .array/port v0x561f5a8afab0, 196;
v0x561f5a8afab0_197 .array/port v0x561f5a8afab0, 197;
v0x561f5a8afab0_198 .array/port v0x561f5a8afab0, 198;
v0x561f5a8afab0_199 .array/port v0x561f5a8afab0, 199;
E_0x561f5a868050/50 .event edge, v0x561f5a8afab0_196, v0x561f5a8afab0_197, v0x561f5a8afab0_198, v0x561f5a8afab0_199;
v0x561f5a8afab0_200 .array/port v0x561f5a8afab0, 200;
v0x561f5a8afab0_201 .array/port v0x561f5a8afab0, 201;
v0x561f5a8afab0_202 .array/port v0x561f5a8afab0, 202;
v0x561f5a8afab0_203 .array/port v0x561f5a8afab0, 203;
E_0x561f5a868050/51 .event edge, v0x561f5a8afab0_200, v0x561f5a8afab0_201, v0x561f5a8afab0_202, v0x561f5a8afab0_203;
v0x561f5a8afab0_204 .array/port v0x561f5a8afab0, 204;
v0x561f5a8afab0_205 .array/port v0x561f5a8afab0, 205;
v0x561f5a8afab0_206 .array/port v0x561f5a8afab0, 206;
v0x561f5a8afab0_207 .array/port v0x561f5a8afab0, 207;
E_0x561f5a868050/52 .event edge, v0x561f5a8afab0_204, v0x561f5a8afab0_205, v0x561f5a8afab0_206, v0x561f5a8afab0_207;
v0x561f5a8afab0_208 .array/port v0x561f5a8afab0, 208;
v0x561f5a8afab0_209 .array/port v0x561f5a8afab0, 209;
v0x561f5a8afab0_210 .array/port v0x561f5a8afab0, 210;
v0x561f5a8afab0_211 .array/port v0x561f5a8afab0, 211;
E_0x561f5a868050/53 .event edge, v0x561f5a8afab0_208, v0x561f5a8afab0_209, v0x561f5a8afab0_210, v0x561f5a8afab0_211;
v0x561f5a8afab0_212 .array/port v0x561f5a8afab0, 212;
v0x561f5a8afab0_213 .array/port v0x561f5a8afab0, 213;
v0x561f5a8afab0_214 .array/port v0x561f5a8afab0, 214;
v0x561f5a8afab0_215 .array/port v0x561f5a8afab0, 215;
E_0x561f5a868050/54 .event edge, v0x561f5a8afab0_212, v0x561f5a8afab0_213, v0x561f5a8afab0_214, v0x561f5a8afab0_215;
v0x561f5a8afab0_216 .array/port v0x561f5a8afab0, 216;
v0x561f5a8afab0_217 .array/port v0x561f5a8afab0, 217;
v0x561f5a8afab0_218 .array/port v0x561f5a8afab0, 218;
v0x561f5a8afab0_219 .array/port v0x561f5a8afab0, 219;
E_0x561f5a868050/55 .event edge, v0x561f5a8afab0_216, v0x561f5a8afab0_217, v0x561f5a8afab0_218, v0x561f5a8afab0_219;
v0x561f5a8afab0_220 .array/port v0x561f5a8afab0, 220;
v0x561f5a8afab0_221 .array/port v0x561f5a8afab0, 221;
v0x561f5a8afab0_222 .array/port v0x561f5a8afab0, 222;
v0x561f5a8afab0_223 .array/port v0x561f5a8afab0, 223;
E_0x561f5a868050/56 .event edge, v0x561f5a8afab0_220, v0x561f5a8afab0_221, v0x561f5a8afab0_222, v0x561f5a8afab0_223;
v0x561f5a8afab0_224 .array/port v0x561f5a8afab0, 224;
v0x561f5a8afab0_225 .array/port v0x561f5a8afab0, 225;
v0x561f5a8afab0_226 .array/port v0x561f5a8afab0, 226;
v0x561f5a8afab0_227 .array/port v0x561f5a8afab0, 227;
E_0x561f5a868050/57 .event edge, v0x561f5a8afab0_224, v0x561f5a8afab0_225, v0x561f5a8afab0_226, v0x561f5a8afab0_227;
v0x561f5a8afab0_228 .array/port v0x561f5a8afab0, 228;
v0x561f5a8afab0_229 .array/port v0x561f5a8afab0, 229;
v0x561f5a8afab0_230 .array/port v0x561f5a8afab0, 230;
v0x561f5a8afab0_231 .array/port v0x561f5a8afab0, 231;
E_0x561f5a868050/58 .event edge, v0x561f5a8afab0_228, v0x561f5a8afab0_229, v0x561f5a8afab0_230, v0x561f5a8afab0_231;
v0x561f5a8afab0_232 .array/port v0x561f5a8afab0, 232;
v0x561f5a8afab0_233 .array/port v0x561f5a8afab0, 233;
v0x561f5a8afab0_234 .array/port v0x561f5a8afab0, 234;
v0x561f5a8afab0_235 .array/port v0x561f5a8afab0, 235;
E_0x561f5a868050/59 .event edge, v0x561f5a8afab0_232, v0x561f5a8afab0_233, v0x561f5a8afab0_234, v0x561f5a8afab0_235;
v0x561f5a8afab0_236 .array/port v0x561f5a8afab0, 236;
v0x561f5a8afab0_237 .array/port v0x561f5a8afab0, 237;
v0x561f5a8afab0_238 .array/port v0x561f5a8afab0, 238;
v0x561f5a8afab0_239 .array/port v0x561f5a8afab0, 239;
E_0x561f5a868050/60 .event edge, v0x561f5a8afab0_236, v0x561f5a8afab0_237, v0x561f5a8afab0_238, v0x561f5a8afab0_239;
v0x561f5a8afab0_240 .array/port v0x561f5a8afab0, 240;
v0x561f5a8afab0_241 .array/port v0x561f5a8afab0, 241;
v0x561f5a8afab0_242 .array/port v0x561f5a8afab0, 242;
v0x561f5a8afab0_243 .array/port v0x561f5a8afab0, 243;
E_0x561f5a868050/61 .event edge, v0x561f5a8afab0_240, v0x561f5a8afab0_241, v0x561f5a8afab0_242, v0x561f5a8afab0_243;
v0x561f5a8afab0_244 .array/port v0x561f5a8afab0, 244;
v0x561f5a8afab0_245 .array/port v0x561f5a8afab0, 245;
v0x561f5a8afab0_246 .array/port v0x561f5a8afab0, 246;
v0x561f5a8afab0_247 .array/port v0x561f5a8afab0, 247;
E_0x561f5a868050/62 .event edge, v0x561f5a8afab0_244, v0x561f5a8afab0_245, v0x561f5a8afab0_246, v0x561f5a8afab0_247;
v0x561f5a8afab0_248 .array/port v0x561f5a8afab0, 248;
v0x561f5a8afab0_249 .array/port v0x561f5a8afab0, 249;
v0x561f5a8afab0_250 .array/port v0x561f5a8afab0, 250;
v0x561f5a8afab0_251 .array/port v0x561f5a8afab0, 251;
E_0x561f5a868050/63 .event edge, v0x561f5a8afab0_248, v0x561f5a8afab0_249, v0x561f5a8afab0_250, v0x561f5a8afab0_251;
v0x561f5a8afab0_252 .array/port v0x561f5a8afab0, 252;
v0x561f5a8afab0_253 .array/port v0x561f5a8afab0, 253;
v0x561f5a8afab0_254 .array/port v0x561f5a8afab0, 254;
v0x561f5a8afab0_255 .array/port v0x561f5a8afab0, 255;
E_0x561f5a868050/64 .event edge, v0x561f5a8afab0_252, v0x561f5a8afab0_253, v0x561f5a8afab0_254, v0x561f5a8afab0_255;
v0x561f5a8afab0_256 .array/port v0x561f5a8afab0, 256;
v0x561f5a8afab0_257 .array/port v0x561f5a8afab0, 257;
v0x561f5a8afab0_258 .array/port v0x561f5a8afab0, 258;
v0x561f5a8afab0_259 .array/port v0x561f5a8afab0, 259;
E_0x561f5a868050/65 .event edge, v0x561f5a8afab0_256, v0x561f5a8afab0_257, v0x561f5a8afab0_258, v0x561f5a8afab0_259;
v0x561f5a8afab0_260 .array/port v0x561f5a8afab0, 260;
v0x561f5a8afab0_261 .array/port v0x561f5a8afab0, 261;
v0x561f5a8afab0_262 .array/port v0x561f5a8afab0, 262;
v0x561f5a8afab0_263 .array/port v0x561f5a8afab0, 263;
E_0x561f5a868050/66 .event edge, v0x561f5a8afab0_260, v0x561f5a8afab0_261, v0x561f5a8afab0_262, v0x561f5a8afab0_263;
v0x561f5a8afab0_264 .array/port v0x561f5a8afab0, 264;
v0x561f5a8afab0_265 .array/port v0x561f5a8afab0, 265;
v0x561f5a8afab0_266 .array/port v0x561f5a8afab0, 266;
v0x561f5a8afab0_267 .array/port v0x561f5a8afab0, 267;
E_0x561f5a868050/67 .event edge, v0x561f5a8afab0_264, v0x561f5a8afab0_265, v0x561f5a8afab0_266, v0x561f5a8afab0_267;
v0x561f5a8afab0_268 .array/port v0x561f5a8afab0, 268;
v0x561f5a8afab0_269 .array/port v0x561f5a8afab0, 269;
v0x561f5a8afab0_270 .array/port v0x561f5a8afab0, 270;
v0x561f5a8afab0_271 .array/port v0x561f5a8afab0, 271;
E_0x561f5a868050/68 .event edge, v0x561f5a8afab0_268, v0x561f5a8afab0_269, v0x561f5a8afab0_270, v0x561f5a8afab0_271;
v0x561f5a8afab0_272 .array/port v0x561f5a8afab0, 272;
v0x561f5a8afab0_273 .array/port v0x561f5a8afab0, 273;
v0x561f5a8afab0_274 .array/port v0x561f5a8afab0, 274;
v0x561f5a8afab0_275 .array/port v0x561f5a8afab0, 275;
E_0x561f5a868050/69 .event edge, v0x561f5a8afab0_272, v0x561f5a8afab0_273, v0x561f5a8afab0_274, v0x561f5a8afab0_275;
v0x561f5a8afab0_276 .array/port v0x561f5a8afab0, 276;
v0x561f5a8afab0_277 .array/port v0x561f5a8afab0, 277;
v0x561f5a8afab0_278 .array/port v0x561f5a8afab0, 278;
v0x561f5a8afab0_279 .array/port v0x561f5a8afab0, 279;
E_0x561f5a868050/70 .event edge, v0x561f5a8afab0_276, v0x561f5a8afab0_277, v0x561f5a8afab0_278, v0x561f5a8afab0_279;
v0x561f5a8afab0_280 .array/port v0x561f5a8afab0, 280;
v0x561f5a8afab0_281 .array/port v0x561f5a8afab0, 281;
v0x561f5a8afab0_282 .array/port v0x561f5a8afab0, 282;
v0x561f5a8afab0_283 .array/port v0x561f5a8afab0, 283;
E_0x561f5a868050/71 .event edge, v0x561f5a8afab0_280, v0x561f5a8afab0_281, v0x561f5a8afab0_282, v0x561f5a8afab0_283;
v0x561f5a8afab0_284 .array/port v0x561f5a8afab0, 284;
v0x561f5a8afab0_285 .array/port v0x561f5a8afab0, 285;
v0x561f5a8afab0_286 .array/port v0x561f5a8afab0, 286;
v0x561f5a8afab0_287 .array/port v0x561f5a8afab0, 287;
E_0x561f5a868050/72 .event edge, v0x561f5a8afab0_284, v0x561f5a8afab0_285, v0x561f5a8afab0_286, v0x561f5a8afab0_287;
v0x561f5a8afab0_288 .array/port v0x561f5a8afab0, 288;
v0x561f5a8afab0_289 .array/port v0x561f5a8afab0, 289;
v0x561f5a8afab0_290 .array/port v0x561f5a8afab0, 290;
v0x561f5a8afab0_291 .array/port v0x561f5a8afab0, 291;
E_0x561f5a868050/73 .event edge, v0x561f5a8afab0_288, v0x561f5a8afab0_289, v0x561f5a8afab0_290, v0x561f5a8afab0_291;
v0x561f5a8afab0_292 .array/port v0x561f5a8afab0, 292;
v0x561f5a8afab0_293 .array/port v0x561f5a8afab0, 293;
v0x561f5a8afab0_294 .array/port v0x561f5a8afab0, 294;
v0x561f5a8afab0_295 .array/port v0x561f5a8afab0, 295;
E_0x561f5a868050/74 .event edge, v0x561f5a8afab0_292, v0x561f5a8afab0_293, v0x561f5a8afab0_294, v0x561f5a8afab0_295;
v0x561f5a8afab0_296 .array/port v0x561f5a8afab0, 296;
v0x561f5a8afab0_297 .array/port v0x561f5a8afab0, 297;
v0x561f5a8afab0_298 .array/port v0x561f5a8afab0, 298;
v0x561f5a8afab0_299 .array/port v0x561f5a8afab0, 299;
E_0x561f5a868050/75 .event edge, v0x561f5a8afab0_296, v0x561f5a8afab0_297, v0x561f5a8afab0_298, v0x561f5a8afab0_299;
v0x561f5a8afab0_300 .array/port v0x561f5a8afab0, 300;
v0x561f5a8afab0_301 .array/port v0x561f5a8afab0, 301;
v0x561f5a8afab0_302 .array/port v0x561f5a8afab0, 302;
v0x561f5a8afab0_303 .array/port v0x561f5a8afab0, 303;
E_0x561f5a868050/76 .event edge, v0x561f5a8afab0_300, v0x561f5a8afab0_301, v0x561f5a8afab0_302, v0x561f5a8afab0_303;
v0x561f5a8afab0_304 .array/port v0x561f5a8afab0, 304;
v0x561f5a8afab0_305 .array/port v0x561f5a8afab0, 305;
v0x561f5a8afab0_306 .array/port v0x561f5a8afab0, 306;
v0x561f5a8afab0_307 .array/port v0x561f5a8afab0, 307;
E_0x561f5a868050/77 .event edge, v0x561f5a8afab0_304, v0x561f5a8afab0_305, v0x561f5a8afab0_306, v0x561f5a8afab0_307;
v0x561f5a8afab0_308 .array/port v0x561f5a8afab0, 308;
v0x561f5a8afab0_309 .array/port v0x561f5a8afab0, 309;
v0x561f5a8afab0_310 .array/port v0x561f5a8afab0, 310;
E_0x561f5a868050/78 .event edge, v0x561f5a8afab0_308, v0x561f5a8afab0_309, v0x561f5a8afab0_310, v0x561f5a8b2e90_0;
E_0x561f5a868050 .event/or E_0x561f5a868050/0, E_0x561f5a868050/1, E_0x561f5a868050/2, E_0x561f5a868050/3, E_0x561f5a868050/4, E_0x561f5a868050/5, E_0x561f5a868050/6, E_0x561f5a868050/7, E_0x561f5a868050/8, E_0x561f5a868050/9, E_0x561f5a868050/10, E_0x561f5a868050/11, E_0x561f5a868050/12, E_0x561f5a868050/13, E_0x561f5a868050/14, E_0x561f5a868050/15, E_0x561f5a868050/16, E_0x561f5a868050/17, E_0x561f5a868050/18, E_0x561f5a868050/19, E_0x561f5a868050/20, E_0x561f5a868050/21, E_0x561f5a868050/22, E_0x561f5a868050/23, E_0x561f5a868050/24, E_0x561f5a868050/25, E_0x561f5a868050/26, E_0x561f5a868050/27, E_0x561f5a868050/28, E_0x561f5a868050/29, E_0x561f5a868050/30, E_0x561f5a868050/31, E_0x561f5a868050/32, E_0x561f5a868050/33, E_0x561f5a868050/34, E_0x561f5a868050/35, E_0x561f5a868050/36, E_0x561f5a868050/37, E_0x561f5a868050/38, E_0x561f5a868050/39, E_0x561f5a868050/40, E_0x561f5a868050/41, E_0x561f5a868050/42, E_0x561f5a868050/43, E_0x561f5a868050/44, E_0x561f5a868050/45, E_0x561f5a868050/46, E_0x561f5a868050/47, E_0x561f5a868050/48, E_0x561f5a868050/49, E_0x561f5a868050/50, E_0x561f5a868050/51, E_0x561f5a868050/52, E_0x561f5a868050/53, E_0x561f5a868050/54, E_0x561f5a868050/55, E_0x561f5a868050/56, E_0x561f5a868050/57, E_0x561f5a868050/58, E_0x561f5a868050/59, E_0x561f5a868050/60, E_0x561f5a868050/61, E_0x561f5a868050/62, E_0x561f5a868050/63, E_0x561f5a868050/64, E_0x561f5a868050/65, E_0x561f5a868050/66, E_0x561f5a868050/67, E_0x561f5a868050/68, E_0x561f5a868050/69, E_0x561f5a868050/70, E_0x561f5a868050/71, E_0x561f5a868050/72, E_0x561f5a868050/73, E_0x561f5a868050/74, E_0x561f5a868050/75, E_0x561f5a868050/76, E_0x561f5a868050/77, E_0x561f5a868050/78;
S_0x561f5a8b3320 .scope module, "Mem_1" "Mem" 3 62, 7 1 0, S_0x561f5a873960;
 .timescale -9 -9;
    .port_info 0 /INPUT 32 "Adress"
    .port_info 1 /INPUT 1 "EWR"
    .port_info 2 /INPUT 32 "WD"
    .port_info 3 /OUTPUT 32 "ReadData"
v0x561f5a8b36a0_0 .net "Adress", 31 0, v0x561f5a8aeb30_0;  alias, 1 drivers
v0x561f5a8b37b0_0 .net "EWR", 0 0, v0x561f5a8b4480_0;  alias, 1 drivers
v0x561f5a8b3850_0 .var "ReadData", 31 0;
v0x561f5a8b3940_0 .net "WD", 31 0, v0x561f5a8b2cf0_0;  alias, 1 drivers
v0x561f5a8b3a50 .array "mem", 31 0, 31 0;
v0x561f5a8b3a50_0 .array/port v0x561f5a8b3a50, 0;
E_0x561f5a8679d0/0 .event edge, v0x561f5a8b37b0_0, v0x561f5a8aea50_0, v0x561f5a8aeb30_0, v0x561f5a8b3a50_0;
v0x561f5a8b3a50_1 .array/port v0x561f5a8b3a50, 1;
v0x561f5a8b3a50_2 .array/port v0x561f5a8b3a50, 2;
v0x561f5a8b3a50_3 .array/port v0x561f5a8b3a50, 3;
v0x561f5a8b3a50_4 .array/port v0x561f5a8b3a50, 4;
E_0x561f5a8679d0/1 .event edge, v0x561f5a8b3a50_1, v0x561f5a8b3a50_2, v0x561f5a8b3a50_3, v0x561f5a8b3a50_4;
v0x561f5a8b3a50_5 .array/port v0x561f5a8b3a50, 5;
v0x561f5a8b3a50_6 .array/port v0x561f5a8b3a50, 6;
v0x561f5a8b3a50_7 .array/port v0x561f5a8b3a50, 7;
v0x561f5a8b3a50_8 .array/port v0x561f5a8b3a50, 8;
E_0x561f5a8679d0/2 .event edge, v0x561f5a8b3a50_5, v0x561f5a8b3a50_6, v0x561f5a8b3a50_7, v0x561f5a8b3a50_8;
v0x561f5a8b3a50_9 .array/port v0x561f5a8b3a50, 9;
v0x561f5a8b3a50_10 .array/port v0x561f5a8b3a50, 10;
v0x561f5a8b3a50_11 .array/port v0x561f5a8b3a50, 11;
v0x561f5a8b3a50_12 .array/port v0x561f5a8b3a50, 12;
E_0x561f5a8679d0/3 .event edge, v0x561f5a8b3a50_9, v0x561f5a8b3a50_10, v0x561f5a8b3a50_11, v0x561f5a8b3a50_12;
v0x561f5a8b3a50_13 .array/port v0x561f5a8b3a50, 13;
v0x561f5a8b3a50_14 .array/port v0x561f5a8b3a50, 14;
v0x561f5a8b3a50_15 .array/port v0x561f5a8b3a50, 15;
v0x561f5a8b3a50_16 .array/port v0x561f5a8b3a50, 16;
E_0x561f5a8679d0/4 .event edge, v0x561f5a8b3a50_13, v0x561f5a8b3a50_14, v0x561f5a8b3a50_15, v0x561f5a8b3a50_16;
v0x561f5a8b3a50_17 .array/port v0x561f5a8b3a50, 17;
v0x561f5a8b3a50_18 .array/port v0x561f5a8b3a50, 18;
v0x561f5a8b3a50_19 .array/port v0x561f5a8b3a50, 19;
v0x561f5a8b3a50_20 .array/port v0x561f5a8b3a50, 20;
E_0x561f5a8679d0/5 .event edge, v0x561f5a8b3a50_17, v0x561f5a8b3a50_18, v0x561f5a8b3a50_19, v0x561f5a8b3a50_20;
v0x561f5a8b3a50_21 .array/port v0x561f5a8b3a50, 21;
v0x561f5a8b3a50_22 .array/port v0x561f5a8b3a50, 22;
v0x561f5a8b3a50_23 .array/port v0x561f5a8b3a50, 23;
v0x561f5a8b3a50_24 .array/port v0x561f5a8b3a50, 24;
E_0x561f5a8679d0/6 .event edge, v0x561f5a8b3a50_21, v0x561f5a8b3a50_22, v0x561f5a8b3a50_23, v0x561f5a8b3a50_24;
v0x561f5a8b3a50_25 .array/port v0x561f5a8b3a50, 25;
v0x561f5a8b3a50_26 .array/port v0x561f5a8b3a50, 26;
v0x561f5a8b3a50_27 .array/port v0x561f5a8b3a50, 27;
v0x561f5a8b3a50_28 .array/port v0x561f5a8b3a50, 28;
E_0x561f5a8679d0/7 .event edge, v0x561f5a8b3a50_25, v0x561f5a8b3a50_26, v0x561f5a8b3a50_27, v0x561f5a8b3a50_28;
v0x561f5a8b3a50_29 .array/port v0x561f5a8b3a50, 29;
v0x561f5a8b3a50_30 .array/port v0x561f5a8b3a50, 30;
v0x561f5a8b3a50_31 .array/port v0x561f5a8b3a50, 31;
E_0x561f5a8679d0/8 .event edge, v0x561f5a8b3a50_29, v0x561f5a8b3a50_30, v0x561f5a8b3a50_31;
E_0x561f5a8679d0 .event/or E_0x561f5a8679d0/0, E_0x561f5a8679d0/1, E_0x561f5a8679d0/2, E_0x561f5a8679d0/3, E_0x561f5a8679d0/4, E_0x561f5a8679d0/5, E_0x561f5a8679d0/6, E_0x561f5a8679d0/7, E_0x561f5a8679d0/8;
S_0x561f5a8b3fe0 .scope module, "UC_1" "UC" 3 30, 8 3 0, S_0x561f5a873960;
 .timescale -9 -9;
    .port_info 0 /INPUT 6 "op"
    .port_info 1 /OUTPUT 1 "MemToReg"
    .port_info 2 /OUTPUT 1 "Memtowrite"
    .port_info 3 /OUTPUT 3 "AluOp"
    .port_info 4 /OUTPUT 1 "RegWrite"
v0x561f5a8b4300_0 .var "AluOp", 2 0;
v0x561f5a8b43e0_0 .var "MemToReg", 0 0;
v0x561f5a8b4480_0 .var "Memtowrite", 0 0;
v0x561f5a8b4550_0 .var "RegWrite", 0 0;
v0x561f5a8b4620_0 .net "op", 5 0, L_0x561f5a8b5bf0;  1 drivers
E_0x561f5a8b4280 .event edge, v0x561f5a8b4620_0;
S_0x561f5a8b4790 .scope module, "mux21_1" "mux21" 3 69, 9 3 0, S_0x561f5a873960;
 .timescale -9 -9;
    .port_info 0 /INPUT 32 "A"
    .port_info 1 /INPUT 32 "B"
    .port_info 2 /INPUT 1 "sel"
    .port_info 3 /OUTPUT 32 "R"
v0x561f5a8b4a50_0 .net "A", 31 0, v0x561f5a8b3850_0;  alias, 1 drivers
v0x561f5a8b4b60_0 .net "B", 31 0, v0x561f5a8aeb30_0;  alias, 1 drivers
v0x561f5a8b4c50_0 .var "R", 31 0;
v0x561f5a8b4d20_0 .net "sel", 0 0, v0x561f5a8b43e0_0;  alias, 1 drivers
E_0x561f5a8b49d0 .event edge, v0x561f5a8b43e0_0, v0x561f5a8b3850_0, v0x561f5a8aeb30_0;
    .scope S_0x561f5a8b3fe0;
T_0 ;
    %wait E_0x561f5a8b4280;
    %load/vec4 v0x561f5a8b4620_0;
    %dup/vec4;
    %pushi/vec4 0, 0, 6;
    %cmp/u;
    %jmp/1 T_0.0, 6;
    %jmp T_0.1;
T_0.0 ;
    %pushi/vec4 0, 0, 1;
    %store/vec4 v0x561f5a8b43e0_0, 0, 1;
    %pushi/vec4 0, 0, 1;
    %store/vec4 v0x561f5a8b4480_0, 0, 1;
    %pushi/vec4 7, 0, 3;
    %store/vec4 v0x561f5a8b4300_0, 0, 3;
    %pushi/vec4 1, 0, 1;
    %store/vec4 v0x561f5a8b4550_0, 0, 1;
    %jmp T_0.1;
T_0.1 ;
    %pop/vec4 1;
    %jmp T_0;
    .thread T_0, $push;
    .scope S_0x561f5a8aee40;
T_1 ;
    %wait E_0x561f5a868050;
    %load/vec4 v0x561f5a8b2fc0_0;
    %flag_set/vec4 8;
    %jmp/0xz  T_1.0, 8;
    %load/vec4 v0x561f5a8b3080_0;
    %load/vec4 v0x561f5a8b3160_0;
    %pad/u 10;
    %ix/vec4 4;
    %store/vec4a v0x561f5a8afab0, 4, 0;
T_1.0 ;
    %load/vec4 v0x561f5a8b2df0_0;
    %pad/u 10;
    %ix/vec4 4;
    %load/vec4a v0x561f5a8afab0, 4;
    %store/vec4 v0x561f5a8b2c30_0, 0, 32;
    %load/vec4 v0x561f5a8b2e90_0;
    %pad/u 10;
    %ix/vec4 4;
    %load/vec4a v0x561f5a8afab0, 4;
    %store/vec4 v0x561f5a8b2cf0_0, 0, 32;
    %jmp T_1;
    .thread T_1, $push;
    .scope S_0x561f5a8aee40;
T_2 ;
    %vpi_call 6 26 "$readmemb", "Data.mem", v0x561f5a8afab0 {0 0 0};
    %end;
    .thread T_2;
    .scope S_0x561f5a88b6f0;
T_3 ;
    %wait E_0x561f5a8675f0;
    %load/vec4 v0x561f5a88b910_0;
    %pad/u 7;
    %dup/vec4;
    %pushi/vec4 111, 0, 7;
    %cmp/u;
    %jmp/1 T_3.0, 6;
    %jmp T_3.1;
T_3.0 ;
    %load/vec4 v0x561f5a8ae4b0_0;
    %pad/u 17;
    %dup/vec4;
    %pushi/vec4 100000, 0, 17;
    %cmp/u;
    %jmp/1 T_3.2, 6;
    %dup/vec4;
    %pushi/vec4 100100, 0, 17;
    %cmp/u;
    %jmp/1 T_3.3, 6;
    %dup/vec4;
    %pushi/vec4 100010, 0, 17;
    %cmp/u;
    %jmp/1 T_3.4, 6;
    %dup/vec4;
    %pushi/vec4 100101, 0, 17;
    %cmp/u;
    %jmp/1 T_3.5, 6;
    %dup/vec4;
    %pushi/vec4 101010, 0, 17;
    %cmp/u;
    %jmp/1 T_3.6, 6;
    %jmp T_3.7;
T_3.2 ;
    %pushi/vec4 0, 0, 3;
    %store/vec4 v0x561f5a8ae590_0, 0, 3;
    %jmp T_3.7;
T_3.3 ;
    %pushi/vec4 5, 0, 3;
    %store/vec4 v0x561f5a8ae590_0, 0, 3;
    %jmp T_3.7;
T_3.4 ;
    %pushi/vec4 1, 0, 3;
    %store/vec4 v0x561f5a8ae590_0, 0, 3;
    %jmp T_3.7;
T_3.5 ;
    %pushi/vec4 7, 0, 3;
    %store/vec4 v0x561f5a8ae590_0, 0, 3;
    %jmp T_3.7;
T_3.6 ;
    %pushi/vec4 2, 0, 3;
    %store/vec4 v0x561f5a8ae590_0, 0, 3;
    %jmp T_3.7;
T_3.7 ;
    %pop/vec4 1;
    %jmp T_3.1;
T_3.1 ;
    %pop/vec4 1;
    %jmp T_3;
    .thread T_3, $push;
    .scope S_0x561f5a8ae6d0;
T_4 ;
    %wait E_0x561f5a867df0;
    %load/vec4 v0x561f5a8aebf0_0;
    %dup/vec4;
    %pushi/vec4 0, 0, 3;
    %cmp/u;
    %jmp/1 T_4.0, 6;
    %dup/vec4;
    %pushi/vec4 1, 0, 3;
    %cmp/u;
    %jmp/1 T_4.1, 6;
    %dup/vec4;
    %pushi/vec4 3, 0, 3;
    %cmp/u;
    %jmp/1 T_4.2, 6;
    %dup/vec4;
    %pushi/vec4 4, 0, 3;
    %cmp/u;
    %jmp/1 T_4.3, 6;
    %dup/vec4;
    %pushi/vec4 5, 0, 3;
    %cmp/u;
    %jmp/1 T_4.4, 6;
    %dup/vec4;
    %pushi/vec4 7, 0, 3;
    %cmp/u;
    %jmp/1 T_4.5, 6;
    %dup/vec4;
    %pushi/vec4 6, 0, 3;
    %cmp/u;
    %jmp/1 T_4.6, 6;
    %dup/vec4;
    %pushi/vec4 2, 0, 3;
    %cmp/u;
    %jmp/1 T_4.7, 6;
    %jmp T_4.8;
T_4.0 ;
    %load/vec4 v0x561f5a8ae950_0;
    %load/vec4 v0x561f5a8aea50_0;
    %add;
    %store/vec4 v0x561f5a8aeb30_0, 0, 32;
    %jmp T_4.8;
T_4.1 ;
    %load/vec4 v0x561f5a8ae950_0;
    %load/vec4 v0x561f5a8aea50_0;
    %sub;
    %store/vec4 v0x561f5a8aeb30_0, 0, 32;
    %jmp T_4.8;
T_4.2 ;
    %load/vec4 v0x561f5a8ae950_0;
    %load/vec4 v0x561f5a8aea50_0;
    %mul;
    %store/vec4 v0x561f5a8aeb30_0, 0, 32;
    %jmp T_4.8;
T_4.3 ;
    %load/vec4 v0x561f5a8ae950_0;
    %load/vec4 v0x561f5a8aea50_0;
    %div;
    %store/vec4 v0x561f5a8aeb30_0, 0, 32;
    %jmp T_4.8;
T_4.4 ;
    %load/vec4 v0x561f5a8ae950_0;
    %load/vec4 v0x561f5a8aea50_0;
    %and;
    %store/vec4 v0x561f5a8aeb30_0, 0, 32;
    %jmp T_4.8;
T_4.5 ;
    %load/vec4 v0x561f5a8ae950_0;
    %load/vec4 v0x561f5a8aea50_0;
    %or;
    %store/vec4 v0x561f5a8aeb30_0, 0, 32;
    %jmp T_4.8;
T_4.6 ;
    %load/vec4 v0x561f5a8ae950_0;
    %ix/load 4, 1, 0;
    %flag_set/imm 4, 0;
    %shiftl 4;
    %store/vec4 v0x561f5a8aeb30_0, 0, 32;
    %jmp T_4.8;
T_4.7 ;
    %load/vec4 v0x561f5a8ae950_0;
    %load/vec4 v0x561f5a8aea50_0;
    %cmp/u;
    %flag_mov 8, 5;
    %jmp/0 T_4.9, 8;
    %pushi/vec4 1, 0, 32;
    %jmp/1 T_4.10, 8;
T_4.9 ; End of true expr.
    %pushi/vec4 0, 0, 32;
    %jmp/0 T_4.10, 8;
 ; End of false expr.
    %blend;
T_4.10;
    %store/vec4 v0x561f5a8aeb30_0, 0, 32;
    %jmp T_4.8;
T_4.8 ;
    %pop/vec4 1;
    %load/vec4 v0x561f5a8aeb30_0;
    %nor/r;
    %flag_set/vec4 8;
    %jmp/0 T_4.11, 8;
    %pushi/vec4 0, 0, 2;
    %jmp/1 T_4.12, 8;
T_4.11 ; End of true expr.
    %pushi/vec4 1, 0, 2;
    %jmp/0 T_4.12, 8;
 ; End of false expr.
    %blend;
T_4.12;
    %pad/s 1;
    %assign/vec4 v0x561f5a8aecb0_0, 0;
    %jmp T_4;
    .thread T_4, $push;
    .scope S_0x561f5a8b3320;
T_5 ;
    %wait E_0x561f5a8679d0;
    %load/vec4 v0x561f5a8b37b0_0;
    %cmpi/e 1, 0, 1;
    %jmp/0xz  T_5.0, 4;
    %load/vec4 v0x561f5a8b3940_0;
    %ix/getv 4, v0x561f5a8b36a0_0;
    %store/vec4a v0x561f5a8b3a50, 4, 0;
    %jmp T_5.1;
T_5.0 ;
    %ix/getv 4, v0x561f5a8b36a0_0;
    %load/vec4a v0x561f5a8b3a50, 4;
    %store/vec4 v0x561f5a8b3850_0, 0, 32;
T_5.1 ;
    %jmp T_5;
    .thread T_5, $push;
    .scope S_0x561f5a8b4790;
T_6 ;
    %wait E_0x561f5a8b49d0;
    %load/vec4 v0x561f5a8b4d20_0;
    %dup/vec4;
    %pushi/vec4 1, 0, 1;
    %cmp/u;
    %jmp/1 T_6.0, 6;
    %dup/vec4;
    %pushi/vec4 0, 0, 1;
    %cmp/u;
    %jmp/1 T_6.1, 6;
    %jmp T_6.2;
T_6.0 ;
    %load/vec4 v0x561f5a8b4a50_0;
    %store/vec4 v0x561f5a8b4c50_0, 0, 32;
    %jmp T_6.2;
T_6.1 ;
    %load/vec4 v0x561f5a8b4b60_0;
    %store/vec4 v0x561f5a8b4c50_0, 0, 32;
    %jmp T_6.2;
T_6.2 ;
    %pop/vec4 1;
    %jmp T_6;
    .thread T_6, $push;
    .scope S_0x561f5a8737e0;
T_7 ;
    %vpi_call 2 13 "$dumpfile", "datapath_tb.vcd" {0 0 0};
    %vpi_call 2 14 "$dumpvars", 32'sb00000000000000000000000000000000, S_0x561f5a8737e0 {0 0 0};
    %delay 100, 0;
    %pushi/vec4 15351840, 0, 32;
    %store/vec4 v0x561f5a8b5b50_0, 0, 32;
    %delay 100, 0;
    %pushi/vec4 38422560, 0, 32;
    %store/vec4 v0x561f5a8b5b50_0, 0, 32;
    %delay 100, 0;
    %pushi/vec4 4935716, 0, 32;
    %store/vec4 v0x561f5a8b5b50_0, 0, 32;
    %delay 100, 0;
    %pushi/vec4 66738212, 0, 32;
    %store/vec4 v0x561f5a8b5b50_0, 0, 32;
    %delay 100, 0;
    %pushi/vec4 64249890, 0, 32;
    %store/vec4 v0x561f5a8b5b50_0, 0, 32;
    %delay 100, 0;
    %pushi/vec4 7301154, 0, 32;
    %store/vec4 v0x561f5a8b5b50_0, 0, 32;
    %delay 100, 0;
    %pushi/vec4 36139045, 0, 32;
    %store/vec4 v0x561f5a8b5b50_0, 0, 32;
    %delay 100, 0;
    %pushi/vec4 44791845, 0, 32;
    %store/vec4 v0x561f5a8b5b50_0, 0, 32;
    %delay 100, 0;
    %pushi/vec4 34897957, 0, 32;
    %store/vec4 v0x561f5a8b5b50_0, 0, 32;
    %delay 100, 0;
    %pushi/vec4 60983333, 0, 32;
    %store/vec4 v0x561f5a8b5b50_0, 0, 32;
    %vpi_call 2 35 "$stop" {0 0 0};
    %end;
    .thread T_7;
# The file index is used to find the file name in the following table.
:file_names 10;
    "N/A";
    "<interactive>";
    "datapath_tb.v";
    "datapath.v";
    "AluC.v";
    "Alu.v";
    "BR.v";
    "Mem.v";
    "UC.v";
    "mux21.v";
