#! /usr/bin/vvp
:ivl_version "10.1 (stable)";
:ivl_delay_selection "TYPICAL";
:vpi_time_precision - 9;
:vpi_module "system";
:vpi_module "vhdl_sys";
:vpi_module "v2005_math";
:vpi_module "va_math";
S_0x55c3b8172ef0 .scope module, "Fase1" "Fase1" 2 2;
 .timescale -9 -9;
    .port_info 0 /INPUT 1 "inclk"
L_0x55c3b81d65c0 .functor AND 1, v0x55c3b81d3020_0, v0x55c3b81d2390_0, C4<1>, C4<1>;
v0x55c3b81d4fc0_0 .net "c_alop", 2 0, v0x55c3b81d2e70_0;  1 drivers
v0x55c3b81d50d0_0 .net "c_alusrc", 0 0, v0x55c3b81d2f80_0;  1 drivers
v0x55c3b81d51e0_0 .net "c_and", 0 0, L_0x55c3b81d65c0;  1 drivers
v0x55c3b81d5280_0 .net "c_branch", 0 0, v0x55c3b81d3020_0;  1 drivers
v0x55c3b81d5350_0 .net "c_dataout", 31 0, v0x55c3b81d1440_0;  1 drivers
v0x55c3b81d5490_0 .net "c_datolec1", 31 0, v0x55c3b81d0900_0;  1 drivers
v0x55c3b81d5580_0 .net "c_datolec2", 31 0, v0x55c3b81d09c0_0;  1 drivers
v0x55c3b81d5620_0 .net "c_enesc", 0 0, v0x55c3b81d34d0_0;  1 drivers
v0x55c3b81d5710_0 .net "c_inou", 31 0, v0x55c3b81cb140_0;  1 drivers
v0x55c3b81d5840_0 .net "c_instruc", 31 0, v0x55c3b81cfe70_0;  1 drivers
v0x55c3b81d5900_0 .net "c_memreads", 0 0, v0x55c3b81d30f0_0;  1 drivers
v0x55c3b81d59a0_0 .net "c_memwrite", 0 0, v0x55c3b81d32b0_0;  1 drivers
v0x55c3b81d5a90_0 .net "c_mux1", 31 0, v0x55c3b81d3b80_0;  1 drivers
v0x55c3b81d5b80_0 .net "c_mux2", 4 0, v0x55c3b81d4230_0;  1 drivers
v0x55c3b81d5c90_0 .net "c_mux3", 31 0, v0x55c3b81d4810_0;  1 drivers
v0x55c3b81d5da0_0 .net "c_mux4", 31 0, v0x55c3b81d4de0_0;  1 drivers
v0x55c3b81d5eb0_0 .net "c_regdst", 0 0, v0x55c3b81d3410_0;  1 drivers
v0x55c3b81d60b0_0 .net "c_result", 31 0, v0x55c3b81d2000_0;  1 drivers
v0x55c3b81d6170_0 .net "c_select", 0 0, v0x55c3b81d31c0_0;  1 drivers
v0x55c3b81d6260_0 .net "c_so", 2 0, v0x55c3b81d2900_0;  1 drivers
v0x55c3b81d6370_0 .net "c_sum", 31 0, L_0x55c3b81e6750;  1 drivers
v0x55c3b81d6480_0 .net "c_zflag", 0 0, v0x55c3b81d2390_0;  1 drivers
o0x7f5a0aac4018 .functor BUFZ 1, C4<z>; HiZ drive
v0x55c3b81d6520_0 .net "inclk", 0 0, o0x7f5a0aac4018;  0 drivers
L_0x55c3b81e6860 .part v0x55c3b81cfe70_0, 21, 5;
L_0x55c3b81e6950 .part v0x55c3b81cfe70_0, 16, 5;
L_0x55c3b81e69f0 .part v0x55c3b81cfe70_0, 0, 6;
L_0x55c3b81e6b20 .part v0x55c3b81cfe70_0, 26, 6;
L_0x55c3b81e6bc0 .part v0x55c3b81cfe70_0, 16, 5;
L_0x55c3b81e6c60 .part v0x55c3b81cfe70_0, 11, 5;
S_0x55c3b8173070 .scope module, "ins" "mpc" 2 61, 3 2 0, S_0x55c3b8172ef0;
 .timescale -9 -9;
    .port_info 0 /INPUT 1 "clk"
    .port_info 1 /INPUT 32 "inin"
    .port_info 2 /OUTPUT 32 "inou"
v0x55c3b8173240_0 .net "clk", 0 0, o0x7f5a0aac4018;  alias, 0 drivers
v0x55c3b81cb060_0 .net "inin", 31 0, v0x55c3b81d4810_0;  alias, 1 drivers
v0x55c3b81cb140_0 .var "inou", 31 0;
E_0x55c3b8163730 .event posedge, v0x55c3b8173240_0;
S_0x55c3b81cb280 .scope module, "ins0" "Sumador" 2 67, 4 2 0, S_0x55c3b8172ef0;
 .timescale -9 -9;
    .port_info 0 /INPUT 32 "E"
    .port_info 1 /OUTPUT 32 "Sum"
v0x55c3b81cb450_0 .net "E", 31 0, v0x55c3b81cb140_0;  alias, 1 drivers
v0x55c3b81cb530_0 .net "Sum", 31 0, L_0x55c3b81e6750;  alias, 1 drivers
L_0x7f5a0aa7b018 .functor BUFT 1, C4<00000000000000000000000000000100>, C4<0>, C4<0>, C4<0>;
v0x55c3b81cb5f0_0 .net/2u *"_s0", 31 0, L_0x7f5a0aa7b018;  1 drivers
L_0x55c3b81e6750 .arith/sum 32, v0x55c3b81cb140_0, L_0x7f5a0aa7b018;
S_0x55c3b81cb710 .scope module, "ins01" "memins" 2 72, 5 2 0, S_0x55c3b8172ef0;
 .timescale -9 -9;
    .port_info 0 /INPUT 32 "adr"
    .port_info 1 /OUTPUT 32 "instruccion"
v0x55c3b81cc430 .array "Sram", 359 0, 7 0;
v0x55c3b81cfd60_0 .net "adr", 31 0, v0x55c3b81cb140_0;  alias, 1 drivers
v0x55c3b81cfe70_0 .var "instruccion", 31 0;
v0x55c3b81cc430_0 .array/port v0x55c3b81cc430, 0;
v0x55c3b81cc430_1 .array/port v0x55c3b81cc430, 1;
v0x55c3b81cc430_2 .array/port v0x55c3b81cc430, 2;
E_0x55c3b8163d60/0 .event edge, v0x55c3b81cb140_0, v0x55c3b81cc430_0, v0x55c3b81cc430_1, v0x55c3b81cc430_2;
v0x55c3b81cc430_3 .array/port v0x55c3b81cc430, 3;
v0x55c3b81cc430_4 .array/port v0x55c3b81cc430, 4;
v0x55c3b81cc430_5 .array/port v0x55c3b81cc430, 5;
v0x55c3b81cc430_6 .array/port v0x55c3b81cc430, 6;
E_0x55c3b8163d60/1 .event edge, v0x55c3b81cc430_3, v0x55c3b81cc430_4, v0x55c3b81cc430_5, v0x55c3b81cc430_6;
v0x55c3b81cc430_7 .array/port v0x55c3b81cc430, 7;
v0x55c3b81cc430_8 .array/port v0x55c3b81cc430, 8;
v0x55c3b81cc430_9 .array/port v0x55c3b81cc430, 9;
v0x55c3b81cc430_10 .array/port v0x55c3b81cc430, 10;
E_0x55c3b8163d60/2 .event edge, v0x55c3b81cc430_7, v0x55c3b81cc430_8, v0x55c3b81cc430_9, v0x55c3b81cc430_10;
v0x55c3b81cc430_11 .array/port v0x55c3b81cc430, 11;
v0x55c3b81cc430_12 .array/port v0x55c3b81cc430, 12;
v0x55c3b81cc430_13 .array/port v0x55c3b81cc430, 13;
v0x55c3b81cc430_14 .array/port v0x55c3b81cc430, 14;
E_0x55c3b8163d60/3 .event edge, v0x55c3b81cc430_11, v0x55c3b81cc430_12, v0x55c3b81cc430_13, v0x55c3b81cc430_14;
v0x55c3b81cc430_15 .array/port v0x55c3b81cc430, 15;
v0x55c3b81cc430_16 .array/port v0x55c3b81cc430, 16;
v0x55c3b81cc430_17 .array/port v0x55c3b81cc430, 17;
v0x55c3b81cc430_18 .array/port v0x55c3b81cc430, 18;
E_0x55c3b8163d60/4 .event edge, v0x55c3b81cc430_15, v0x55c3b81cc430_16, v0x55c3b81cc430_17, v0x55c3b81cc430_18;
v0x55c3b81cc430_19 .array/port v0x55c3b81cc430, 19;
v0x55c3b81cc430_20 .array/port v0x55c3b81cc430, 20;
v0x55c3b81cc430_21 .array/port v0x55c3b81cc430, 21;
v0x55c3b81cc430_22 .array/port v0x55c3b81cc430, 22;
E_0x55c3b8163d60/5 .event edge, v0x55c3b81cc430_19, v0x55c3b81cc430_20, v0x55c3b81cc430_21, v0x55c3b81cc430_22;
v0x55c3b81cc430_23 .array/port v0x55c3b81cc430, 23;
v0x55c3b81cc430_24 .array/port v0x55c3b81cc430, 24;
v0x55c3b81cc430_25 .array/port v0x55c3b81cc430, 25;
v0x55c3b81cc430_26 .array/port v0x55c3b81cc430, 26;
E_0x55c3b8163d60/6 .event edge, v0x55c3b81cc430_23, v0x55c3b81cc430_24, v0x55c3b81cc430_25, v0x55c3b81cc430_26;
v0x55c3b81cc430_27 .array/port v0x55c3b81cc430, 27;
v0x55c3b81cc430_28 .array/port v0x55c3b81cc430, 28;
v0x55c3b81cc430_29 .array/port v0x55c3b81cc430, 29;
v0x55c3b81cc430_30 .array/port v0x55c3b81cc430, 30;
E_0x55c3b8163d60/7 .event edge, v0x55c3b81cc430_27, v0x55c3b81cc430_28, v0x55c3b81cc430_29, v0x55c3b81cc430_30;
v0x55c3b81cc430_31 .array/port v0x55c3b81cc430, 31;
v0x55c3b81cc430_32 .array/port v0x55c3b81cc430, 32;
v0x55c3b81cc430_33 .array/port v0x55c3b81cc430, 33;
v0x55c3b81cc430_34 .array/port v0x55c3b81cc430, 34;
E_0x55c3b8163d60/8 .event edge, v0x55c3b81cc430_31, v0x55c3b81cc430_32, v0x55c3b81cc430_33, v0x55c3b81cc430_34;
v0x55c3b81cc430_35 .array/port v0x55c3b81cc430, 35;
v0x55c3b81cc430_36 .array/port v0x55c3b81cc430, 36;
v0x55c3b81cc430_37 .array/port v0x55c3b81cc430, 37;
v0x55c3b81cc430_38 .array/port v0x55c3b81cc430, 38;
E_0x55c3b8163d60/9 .event edge, v0x55c3b81cc430_35, v0x55c3b81cc430_36, v0x55c3b81cc430_37, v0x55c3b81cc430_38;
v0x55c3b81cc430_39 .array/port v0x55c3b81cc430, 39;
v0x55c3b81cc430_40 .array/port v0x55c3b81cc430, 40;
v0x55c3b81cc430_41 .array/port v0x55c3b81cc430, 41;
v0x55c3b81cc430_42 .array/port v0x55c3b81cc430, 42;
E_0x55c3b8163d60/10 .event edge, v0x55c3b81cc430_39, v0x55c3b81cc430_40, v0x55c3b81cc430_41, v0x55c3b81cc430_42;
v0x55c3b81cc430_43 .array/port v0x55c3b81cc430, 43;
v0x55c3b81cc430_44 .array/port v0x55c3b81cc430, 44;
v0x55c3b81cc430_45 .array/port v0x55c3b81cc430, 45;
v0x55c3b81cc430_46 .array/port v0x55c3b81cc430, 46;
E_0x55c3b8163d60/11 .event edge, v0x55c3b81cc430_43, v0x55c3b81cc430_44, v0x55c3b81cc430_45, v0x55c3b81cc430_46;
v0x55c3b81cc430_47 .array/port v0x55c3b81cc430, 47;
v0x55c3b81cc430_48 .array/port v0x55c3b81cc430, 48;
v0x55c3b81cc430_49 .array/port v0x55c3b81cc430, 49;
v0x55c3b81cc430_50 .array/port v0x55c3b81cc430, 50;
E_0x55c3b8163d60/12 .event edge, v0x55c3b81cc430_47, v0x55c3b81cc430_48, v0x55c3b81cc430_49, v0x55c3b81cc430_50;
v0x55c3b81cc430_51 .array/port v0x55c3b81cc430, 51;
v0x55c3b81cc430_52 .array/port v0x55c3b81cc430, 52;
v0x55c3b81cc430_53 .array/port v0x55c3b81cc430, 53;
v0x55c3b81cc430_54 .array/port v0x55c3b81cc430, 54;
E_0x55c3b8163d60/13 .event edge, v0x55c3b81cc430_51, v0x55c3b81cc430_52, v0x55c3b81cc430_53, v0x55c3b81cc430_54;
v0x55c3b81cc430_55 .array/port v0x55c3b81cc430, 55;
v0x55c3b81cc430_56 .array/port v0x55c3b81cc430, 56;
v0x55c3b81cc430_57 .array/port v0x55c3b81cc430, 57;
v0x55c3b81cc430_58 .array/port v0x55c3b81cc430, 58;
E_0x55c3b8163d60/14 .event edge, v0x55c3b81cc430_55, v0x55c3b81cc430_56, v0x55c3b81cc430_57, v0x55c3b81cc430_58;
v0x55c3b81cc430_59 .array/port v0x55c3b81cc430, 59;
v0x55c3b81cc430_60 .array/port v0x55c3b81cc430, 60;
v0x55c3b81cc430_61 .array/port v0x55c3b81cc430, 61;
v0x55c3b81cc430_62 .array/port v0x55c3b81cc430, 62;
E_0x55c3b8163d60/15 .event edge, v0x55c3b81cc430_59, v0x55c3b81cc430_60, v0x55c3b81cc430_61, v0x55c3b81cc430_62;
v0x55c3b81cc430_63 .array/port v0x55c3b81cc430, 63;
v0x55c3b81cc430_64 .array/port v0x55c3b81cc430, 64;
v0x55c3b81cc430_65 .array/port v0x55c3b81cc430, 65;
v0x55c3b81cc430_66 .array/port v0x55c3b81cc430, 66;
E_0x55c3b8163d60/16 .event edge, v0x55c3b81cc430_63, v0x55c3b81cc430_64, v0x55c3b81cc430_65, v0x55c3b81cc430_66;
v0x55c3b81cc430_67 .array/port v0x55c3b81cc430, 67;
v0x55c3b81cc430_68 .array/port v0x55c3b81cc430, 68;
v0x55c3b81cc430_69 .array/port v0x55c3b81cc430, 69;
v0x55c3b81cc430_70 .array/port v0x55c3b81cc430, 70;
E_0x55c3b8163d60/17 .event edge, v0x55c3b81cc430_67, v0x55c3b81cc430_68, v0x55c3b81cc430_69, v0x55c3b81cc430_70;
v0x55c3b81cc430_71 .array/port v0x55c3b81cc430, 71;
v0x55c3b81cc430_72 .array/port v0x55c3b81cc430, 72;
v0x55c3b81cc430_73 .array/port v0x55c3b81cc430, 73;
v0x55c3b81cc430_74 .array/port v0x55c3b81cc430, 74;
E_0x55c3b8163d60/18 .event edge, v0x55c3b81cc430_71, v0x55c3b81cc430_72, v0x55c3b81cc430_73, v0x55c3b81cc430_74;
v0x55c3b81cc430_75 .array/port v0x55c3b81cc430, 75;
v0x55c3b81cc430_76 .array/port v0x55c3b81cc430, 76;
v0x55c3b81cc430_77 .array/port v0x55c3b81cc430, 77;
v0x55c3b81cc430_78 .array/port v0x55c3b81cc430, 78;
E_0x55c3b8163d60/19 .event edge, v0x55c3b81cc430_75, v0x55c3b81cc430_76, v0x55c3b81cc430_77, v0x55c3b81cc430_78;
v0x55c3b81cc430_79 .array/port v0x55c3b81cc430, 79;
v0x55c3b81cc430_80 .array/port v0x55c3b81cc430, 80;
v0x55c3b81cc430_81 .array/port v0x55c3b81cc430, 81;
v0x55c3b81cc430_82 .array/port v0x55c3b81cc430, 82;
E_0x55c3b8163d60/20 .event edge, v0x55c3b81cc430_79, v0x55c3b81cc430_80, v0x55c3b81cc430_81, v0x55c3b81cc430_82;
v0x55c3b81cc430_83 .array/port v0x55c3b81cc430, 83;
v0x55c3b81cc430_84 .array/port v0x55c3b81cc430, 84;
v0x55c3b81cc430_85 .array/port v0x55c3b81cc430, 85;
v0x55c3b81cc430_86 .array/port v0x55c3b81cc430, 86;
E_0x55c3b8163d60/21 .event edge, v0x55c3b81cc430_83, v0x55c3b81cc430_84, v0x55c3b81cc430_85, v0x55c3b81cc430_86;
v0x55c3b81cc430_87 .array/port v0x55c3b81cc430, 87;
v0x55c3b81cc430_88 .array/port v0x55c3b81cc430, 88;
v0x55c3b81cc430_89 .array/port v0x55c3b81cc430, 89;
v0x55c3b81cc430_90 .array/port v0x55c3b81cc430, 90;
E_0x55c3b8163d60/22 .event edge, v0x55c3b81cc430_87, v0x55c3b81cc430_88, v0x55c3b81cc430_89, v0x55c3b81cc430_90;
v0x55c3b81cc430_91 .array/port v0x55c3b81cc430, 91;
v0x55c3b81cc430_92 .array/port v0x55c3b81cc430, 92;
v0x55c3b81cc430_93 .array/port v0x55c3b81cc430, 93;
v0x55c3b81cc430_94 .array/port v0x55c3b81cc430, 94;
E_0x55c3b8163d60/23 .event edge, v0x55c3b81cc430_91, v0x55c3b81cc430_92, v0x55c3b81cc430_93, v0x55c3b81cc430_94;
v0x55c3b81cc430_95 .array/port v0x55c3b81cc430, 95;
v0x55c3b81cc430_96 .array/port v0x55c3b81cc430, 96;
v0x55c3b81cc430_97 .array/port v0x55c3b81cc430, 97;
v0x55c3b81cc430_98 .array/port v0x55c3b81cc430, 98;
E_0x55c3b8163d60/24 .event edge, v0x55c3b81cc430_95, v0x55c3b81cc430_96, v0x55c3b81cc430_97, v0x55c3b81cc430_98;
v0x55c3b81cc430_99 .array/port v0x55c3b81cc430, 99;
v0x55c3b81cc430_100 .array/port v0x55c3b81cc430, 100;
v0x55c3b81cc430_101 .array/port v0x55c3b81cc430, 101;
v0x55c3b81cc430_102 .array/port v0x55c3b81cc430, 102;
E_0x55c3b8163d60/25 .event edge, v0x55c3b81cc430_99, v0x55c3b81cc430_100, v0x55c3b81cc430_101, v0x55c3b81cc430_102;
v0x55c3b81cc430_103 .array/port v0x55c3b81cc430, 103;
v0x55c3b81cc430_104 .array/port v0x55c3b81cc430, 104;
v0x55c3b81cc430_105 .array/port v0x55c3b81cc430, 105;
v0x55c3b81cc430_106 .array/port v0x55c3b81cc430, 106;
E_0x55c3b8163d60/26 .event edge, v0x55c3b81cc430_103, v0x55c3b81cc430_104, v0x55c3b81cc430_105, v0x55c3b81cc430_106;
v0x55c3b81cc430_107 .array/port v0x55c3b81cc430, 107;
v0x55c3b81cc430_108 .array/port v0x55c3b81cc430, 108;
v0x55c3b81cc430_109 .array/port v0x55c3b81cc430, 109;
v0x55c3b81cc430_110 .array/port v0x55c3b81cc430, 110;
E_0x55c3b8163d60/27 .event edge, v0x55c3b81cc430_107, v0x55c3b81cc430_108, v0x55c3b81cc430_109, v0x55c3b81cc430_110;
v0x55c3b81cc430_111 .array/port v0x55c3b81cc430, 111;
v0x55c3b81cc430_112 .array/port v0x55c3b81cc430, 112;
v0x55c3b81cc430_113 .array/port v0x55c3b81cc430, 113;
v0x55c3b81cc430_114 .array/port v0x55c3b81cc430, 114;
E_0x55c3b8163d60/28 .event edge, v0x55c3b81cc430_111, v0x55c3b81cc430_112, v0x55c3b81cc430_113, v0x55c3b81cc430_114;
v0x55c3b81cc430_115 .array/port v0x55c3b81cc430, 115;
v0x55c3b81cc430_116 .array/port v0x55c3b81cc430, 116;
v0x55c3b81cc430_117 .array/port v0x55c3b81cc430, 117;
v0x55c3b81cc430_118 .array/port v0x55c3b81cc430, 118;
E_0x55c3b8163d60/29 .event edge, v0x55c3b81cc430_115, v0x55c3b81cc430_116, v0x55c3b81cc430_117, v0x55c3b81cc430_118;
v0x55c3b81cc430_119 .array/port v0x55c3b81cc430, 119;
v0x55c3b81cc430_120 .array/port v0x55c3b81cc430, 120;
v0x55c3b81cc430_121 .array/port v0x55c3b81cc430, 121;
v0x55c3b81cc430_122 .array/port v0x55c3b81cc430, 122;
E_0x55c3b8163d60/30 .event edge, v0x55c3b81cc430_119, v0x55c3b81cc430_120, v0x55c3b81cc430_121, v0x55c3b81cc430_122;
v0x55c3b81cc430_123 .array/port v0x55c3b81cc430, 123;
v0x55c3b81cc430_124 .array/port v0x55c3b81cc430, 124;
v0x55c3b81cc430_125 .array/port v0x55c3b81cc430, 125;
v0x55c3b81cc430_126 .array/port v0x55c3b81cc430, 126;
E_0x55c3b8163d60/31 .event edge, v0x55c3b81cc430_123, v0x55c3b81cc430_124, v0x55c3b81cc430_125, v0x55c3b81cc430_126;
v0x55c3b81cc430_127 .array/port v0x55c3b81cc430, 127;
v0x55c3b81cc430_128 .array/port v0x55c3b81cc430, 128;
v0x55c3b81cc430_129 .array/port v0x55c3b81cc430, 129;
v0x55c3b81cc430_130 .array/port v0x55c3b81cc430, 130;
E_0x55c3b8163d60/32 .event edge, v0x55c3b81cc430_127, v0x55c3b81cc430_128, v0x55c3b81cc430_129, v0x55c3b81cc430_130;
v0x55c3b81cc430_131 .array/port v0x55c3b81cc430, 131;
v0x55c3b81cc430_132 .array/port v0x55c3b81cc430, 132;
v0x55c3b81cc430_133 .array/port v0x55c3b81cc430, 133;
v0x55c3b81cc430_134 .array/port v0x55c3b81cc430, 134;
E_0x55c3b8163d60/33 .event edge, v0x55c3b81cc430_131, v0x55c3b81cc430_132, v0x55c3b81cc430_133, v0x55c3b81cc430_134;
v0x55c3b81cc430_135 .array/port v0x55c3b81cc430, 135;
v0x55c3b81cc430_136 .array/port v0x55c3b81cc430, 136;
v0x55c3b81cc430_137 .array/port v0x55c3b81cc430, 137;
v0x55c3b81cc430_138 .array/port v0x55c3b81cc430, 138;
E_0x55c3b8163d60/34 .event edge, v0x55c3b81cc430_135, v0x55c3b81cc430_136, v0x55c3b81cc430_137, v0x55c3b81cc430_138;
v0x55c3b81cc430_139 .array/port v0x55c3b81cc430, 139;
v0x55c3b81cc430_140 .array/port v0x55c3b81cc430, 140;
v0x55c3b81cc430_141 .array/port v0x55c3b81cc430, 141;
v0x55c3b81cc430_142 .array/port v0x55c3b81cc430, 142;
E_0x55c3b8163d60/35 .event edge, v0x55c3b81cc430_139, v0x55c3b81cc430_140, v0x55c3b81cc430_141, v0x55c3b81cc430_142;
v0x55c3b81cc430_143 .array/port v0x55c3b81cc430, 143;
v0x55c3b81cc430_144 .array/port v0x55c3b81cc430, 144;
v0x55c3b81cc430_145 .array/port v0x55c3b81cc430, 145;
v0x55c3b81cc430_146 .array/port v0x55c3b81cc430, 146;
E_0x55c3b8163d60/36 .event edge, v0x55c3b81cc430_143, v0x55c3b81cc430_144, v0x55c3b81cc430_145, v0x55c3b81cc430_146;
v0x55c3b81cc430_147 .array/port v0x55c3b81cc430, 147;
v0x55c3b81cc430_148 .array/port v0x55c3b81cc430, 148;
v0x55c3b81cc430_149 .array/port v0x55c3b81cc430, 149;
v0x55c3b81cc430_150 .array/port v0x55c3b81cc430, 150;
E_0x55c3b8163d60/37 .event edge, v0x55c3b81cc430_147, v0x55c3b81cc430_148, v0x55c3b81cc430_149, v0x55c3b81cc430_150;
v0x55c3b81cc430_151 .array/port v0x55c3b81cc430, 151;
v0x55c3b81cc430_152 .array/port v0x55c3b81cc430, 152;
v0x55c3b81cc430_153 .array/port v0x55c3b81cc430, 153;
v0x55c3b81cc430_154 .array/port v0x55c3b81cc430, 154;
E_0x55c3b8163d60/38 .event edge, v0x55c3b81cc430_151, v0x55c3b81cc430_152, v0x55c3b81cc430_153, v0x55c3b81cc430_154;
v0x55c3b81cc430_155 .array/port v0x55c3b81cc430, 155;
v0x55c3b81cc430_156 .array/port v0x55c3b81cc430, 156;
v0x55c3b81cc430_157 .array/port v0x55c3b81cc430, 157;
v0x55c3b81cc430_158 .array/port v0x55c3b81cc430, 158;
E_0x55c3b8163d60/39 .event edge, v0x55c3b81cc430_155, v0x55c3b81cc430_156, v0x55c3b81cc430_157, v0x55c3b81cc430_158;
v0x55c3b81cc430_159 .array/port v0x55c3b81cc430, 159;
v0x55c3b81cc430_160 .array/port v0x55c3b81cc430, 160;
v0x55c3b81cc430_161 .array/port v0x55c3b81cc430, 161;
v0x55c3b81cc430_162 .array/port v0x55c3b81cc430, 162;
E_0x55c3b8163d60/40 .event edge, v0x55c3b81cc430_159, v0x55c3b81cc430_160, v0x55c3b81cc430_161, v0x55c3b81cc430_162;
v0x55c3b81cc430_163 .array/port v0x55c3b81cc430, 163;
v0x55c3b81cc430_164 .array/port v0x55c3b81cc430, 164;
v0x55c3b81cc430_165 .array/port v0x55c3b81cc430, 165;
v0x55c3b81cc430_166 .array/port v0x55c3b81cc430, 166;
E_0x55c3b8163d60/41 .event edge, v0x55c3b81cc430_163, v0x55c3b81cc430_164, v0x55c3b81cc430_165, v0x55c3b81cc430_166;
v0x55c3b81cc430_167 .array/port v0x55c3b81cc430, 167;
v0x55c3b81cc430_168 .array/port v0x55c3b81cc430, 168;
v0x55c3b81cc430_169 .array/port v0x55c3b81cc430, 169;
v0x55c3b81cc430_170 .array/port v0x55c3b81cc430, 170;
E_0x55c3b8163d60/42 .event edge, v0x55c3b81cc430_167, v0x55c3b81cc430_168, v0x55c3b81cc430_169, v0x55c3b81cc430_170;
v0x55c3b81cc430_171 .array/port v0x55c3b81cc430, 171;
v0x55c3b81cc430_172 .array/port v0x55c3b81cc430, 172;
v0x55c3b81cc430_173 .array/port v0x55c3b81cc430, 173;
v0x55c3b81cc430_174 .array/port v0x55c3b81cc430, 174;
E_0x55c3b8163d60/43 .event edge, v0x55c3b81cc430_171, v0x55c3b81cc430_172, v0x55c3b81cc430_173, v0x55c3b81cc430_174;
v0x55c3b81cc430_175 .array/port v0x55c3b81cc430, 175;
v0x55c3b81cc430_176 .array/port v0x55c3b81cc430, 176;
v0x55c3b81cc430_177 .array/port v0x55c3b81cc430, 177;
v0x55c3b81cc430_178 .array/port v0x55c3b81cc430, 178;
E_0x55c3b8163d60/44 .event edge, v0x55c3b81cc430_175, v0x55c3b81cc430_176, v0x55c3b81cc430_177, v0x55c3b81cc430_178;
v0x55c3b81cc430_179 .array/port v0x55c3b81cc430, 179;
v0x55c3b81cc430_180 .array/port v0x55c3b81cc430, 180;
v0x55c3b81cc430_181 .array/port v0x55c3b81cc430, 181;
v0x55c3b81cc430_182 .array/port v0x55c3b81cc430, 182;
E_0x55c3b8163d60/45 .event edge, v0x55c3b81cc430_179, v0x55c3b81cc430_180, v0x55c3b81cc430_181, v0x55c3b81cc430_182;
v0x55c3b81cc430_183 .array/port v0x55c3b81cc430, 183;
v0x55c3b81cc430_184 .array/port v0x55c3b81cc430, 184;
v0x55c3b81cc430_185 .array/port v0x55c3b81cc430, 185;
v0x55c3b81cc430_186 .array/port v0x55c3b81cc430, 186;
E_0x55c3b8163d60/46 .event edge, v0x55c3b81cc430_183, v0x55c3b81cc430_184, v0x55c3b81cc430_185, v0x55c3b81cc430_186;
v0x55c3b81cc430_187 .array/port v0x55c3b81cc430, 187;
v0x55c3b81cc430_188 .array/port v0x55c3b81cc430, 188;
v0x55c3b81cc430_189 .array/port v0x55c3b81cc430, 189;
v0x55c3b81cc430_190 .array/port v0x55c3b81cc430, 190;
E_0x55c3b8163d60/47 .event edge, v0x55c3b81cc430_187, v0x55c3b81cc430_188, v0x55c3b81cc430_189, v0x55c3b81cc430_190;
v0x55c3b81cc430_191 .array/port v0x55c3b81cc430, 191;
v0x55c3b81cc430_192 .array/port v0x55c3b81cc430, 192;
v0x55c3b81cc430_193 .array/port v0x55c3b81cc430, 193;
v0x55c3b81cc430_194 .array/port v0x55c3b81cc430, 194;
E_0x55c3b8163d60/48 .event edge, v0x55c3b81cc430_191, v0x55c3b81cc430_192, v0x55c3b81cc430_193, v0x55c3b81cc430_194;
v0x55c3b81cc430_195 .array/port v0x55c3b81cc430, 195;
v0x55c3b81cc430_196 .array/port v0x55c3b81cc430, 196;
v0x55c3b81cc430_197 .array/port v0x55c3b81cc430, 197;
v0x55c3b81cc430_198 .array/port v0x55c3b81cc430, 198;
E_0x55c3b8163d60/49 .event edge, v0x55c3b81cc430_195, v0x55c3b81cc430_196, v0x55c3b81cc430_197, v0x55c3b81cc430_198;
v0x55c3b81cc430_199 .array/port v0x55c3b81cc430, 199;
v0x55c3b81cc430_200 .array/port v0x55c3b81cc430, 200;
v0x55c3b81cc430_201 .array/port v0x55c3b81cc430, 201;
v0x55c3b81cc430_202 .array/port v0x55c3b81cc430, 202;
E_0x55c3b8163d60/50 .event edge, v0x55c3b81cc430_199, v0x55c3b81cc430_200, v0x55c3b81cc430_201, v0x55c3b81cc430_202;
v0x55c3b81cc430_203 .array/port v0x55c3b81cc430, 203;
v0x55c3b81cc430_204 .array/port v0x55c3b81cc430, 204;
v0x55c3b81cc430_205 .array/port v0x55c3b81cc430, 205;
v0x55c3b81cc430_206 .array/port v0x55c3b81cc430, 206;
E_0x55c3b8163d60/51 .event edge, v0x55c3b81cc430_203, v0x55c3b81cc430_204, v0x55c3b81cc430_205, v0x55c3b81cc430_206;
v0x55c3b81cc430_207 .array/port v0x55c3b81cc430, 207;
v0x55c3b81cc430_208 .array/port v0x55c3b81cc430, 208;
v0x55c3b81cc430_209 .array/port v0x55c3b81cc430, 209;
v0x55c3b81cc430_210 .array/port v0x55c3b81cc430, 210;
E_0x55c3b8163d60/52 .event edge, v0x55c3b81cc430_207, v0x55c3b81cc430_208, v0x55c3b81cc430_209, v0x55c3b81cc430_210;
v0x55c3b81cc430_211 .array/port v0x55c3b81cc430, 211;
v0x55c3b81cc430_212 .array/port v0x55c3b81cc430, 212;
v0x55c3b81cc430_213 .array/port v0x55c3b81cc430, 213;
v0x55c3b81cc430_214 .array/port v0x55c3b81cc430, 214;
E_0x55c3b8163d60/53 .event edge, v0x55c3b81cc430_211, v0x55c3b81cc430_212, v0x55c3b81cc430_213, v0x55c3b81cc430_214;
v0x55c3b81cc430_215 .array/port v0x55c3b81cc430, 215;
v0x55c3b81cc430_216 .array/port v0x55c3b81cc430, 216;
v0x55c3b81cc430_217 .array/port v0x55c3b81cc430, 217;
v0x55c3b81cc430_218 .array/port v0x55c3b81cc430, 218;
E_0x55c3b8163d60/54 .event edge, v0x55c3b81cc430_215, v0x55c3b81cc430_216, v0x55c3b81cc430_217, v0x55c3b81cc430_218;
v0x55c3b81cc430_219 .array/port v0x55c3b81cc430, 219;
v0x55c3b81cc430_220 .array/port v0x55c3b81cc430, 220;
v0x55c3b81cc430_221 .array/port v0x55c3b81cc430, 221;
v0x55c3b81cc430_222 .array/port v0x55c3b81cc430, 222;
E_0x55c3b8163d60/55 .event edge, v0x55c3b81cc430_219, v0x55c3b81cc430_220, v0x55c3b81cc430_221, v0x55c3b81cc430_222;
v0x55c3b81cc430_223 .array/port v0x55c3b81cc430, 223;
v0x55c3b81cc430_224 .array/port v0x55c3b81cc430, 224;
v0x55c3b81cc430_225 .array/port v0x55c3b81cc430, 225;
v0x55c3b81cc430_226 .array/port v0x55c3b81cc430, 226;
E_0x55c3b8163d60/56 .event edge, v0x55c3b81cc430_223, v0x55c3b81cc430_224, v0x55c3b81cc430_225, v0x55c3b81cc430_226;
v0x55c3b81cc430_227 .array/port v0x55c3b81cc430, 227;
v0x55c3b81cc430_228 .array/port v0x55c3b81cc430, 228;
v0x55c3b81cc430_229 .array/port v0x55c3b81cc430, 229;
v0x55c3b81cc430_230 .array/port v0x55c3b81cc430, 230;
E_0x55c3b8163d60/57 .event edge, v0x55c3b81cc430_227, v0x55c3b81cc430_228, v0x55c3b81cc430_229, v0x55c3b81cc430_230;
v0x55c3b81cc430_231 .array/port v0x55c3b81cc430, 231;
v0x55c3b81cc430_232 .array/port v0x55c3b81cc430, 232;
v0x55c3b81cc430_233 .array/port v0x55c3b81cc430, 233;
v0x55c3b81cc430_234 .array/port v0x55c3b81cc430, 234;
E_0x55c3b8163d60/58 .event edge, v0x55c3b81cc430_231, v0x55c3b81cc430_232, v0x55c3b81cc430_233, v0x55c3b81cc430_234;
v0x55c3b81cc430_235 .array/port v0x55c3b81cc430, 235;
v0x55c3b81cc430_236 .array/port v0x55c3b81cc430, 236;
v0x55c3b81cc430_237 .array/port v0x55c3b81cc430, 237;
v0x55c3b81cc430_238 .array/port v0x55c3b81cc430, 238;
E_0x55c3b8163d60/59 .event edge, v0x55c3b81cc430_235, v0x55c3b81cc430_236, v0x55c3b81cc430_237, v0x55c3b81cc430_238;
v0x55c3b81cc430_239 .array/port v0x55c3b81cc430, 239;
v0x55c3b81cc430_240 .array/port v0x55c3b81cc430, 240;
v0x55c3b81cc430_241 .array/port v0x55c3b81cc430, 241;
v0x55c3b81cc430_242 .array/port v0x55c3b81cc430, 242;
E_0x55c3b8163d60/60 .event edge, v0x55c3b81cc430_239, v0x55c3b81cc430_240, v0x55c3b81cc430_241, v0x55c3b81cc430_242;
v0x55c3b81cc430_243 .array/port v0x55c3b81cc430, 243;
v0x55c3b81cc430_244 .array/port v0x55c3b81cc430, 244;
v0x55c3b81cc430_245 .array/port v0x55c3b81cc430, 245;
v0x55c3b81cc430_246 .array/port v0x55c3b81cc430, 246;
E_0x55c3b8163d60/61 .event edge, v0x55c3b81cc430_243, v0x55c3b81cc430_244, v0x55c3b81cc430_245, v0x55c3b81cc430_246;
v0x55c3b81cc430_247 .array/port v0x55c3b81cc430, 247;
v0x55c3b81cc430_248 .array/port v0x55c3b81cc430, 248;
v0x55c3b81cc430_249 .array/port v0x55c3b81cc430, 249;
v0x55c3b81cc430_250 .array/port v0x55c3b81cc430, 250;
E_0x55c3b8163d60/62 .event edge, v0x55c3b81cc430_247, v0x55c3b81cc430_248, v0x55c3b81cc430_249, v0x55c3b81cc430_250;
v0x55c3b81cc430_251 .array/port v0x55c3b81cc430, 251;
v0x55c3b81cc430_252 .array/port v0x55c3b81cc430, 252;
v0x55c3b81cc430_253 .array/port v0x55c3b81cc430, 253;
v0x55c3b81cc430_254 .array/port v0x55c3b81cc430, 254;
E_0x55c3b8163d60/63 .event edge, v0x55c3b81cc430_251, v0x55c3b81cc430_252, v0x55c3b81cc430_253, v0x55c3b81cc430_254;
v0x55c3b81cc430_255 .array/port v0x55c3b81cc430, 255;
v0x55c3b81cc430_256 .array/port v0x55c3b81cc430, 256;
v0x55c3b81cc430_257 .array/port v0x55c3b81cc430, 257;
v0x55c3b81cc430_258 .array/port v0x55c3b81cc430, 258;
E_0x55c3b8163d60/64 .event edge, v0x55c3b81cc430_255, v0x55c3b81cc430_256, v0x55c3b81cc430_257, v0x55c3b81cc430_258;
v0x55c3b81cc430_259 .array/port v0x55c3b81cc430, 259;
v0x55c3b81cc430_260 .array/port v0x55c3b81cc430, 260;
v0x55c3b81cc430_261 .array/port v0x55c3b81cc430, 261;
v0x55c3b81cc430_262 .array/port v0x55c3b81cc430, 262;
E_0x55c3b8163d60/65 .event edge, v0x55c3b81cc430_259, v0x55c3b81cc430_260, v0x55c3b81cc430_261, v0x55c3b81cc430_262;
v0x55c3b81cc430_263 .array/port v0x55c3b81cc430, 263;
v0x55c3b81cc430_264 .array/port v0x55c3b81cc430, 264;
v0x55c3b81cc430_265 .array/port v0x55c3b81cc430, 265;
v0x55c3b81cc430_266 .array/port v0x55c3b81cc430, 266;
E_0x55c3b8163d60/66 .event edge, v0x55c3b81cc430_263, v0x55c3b81cc430_264, v0x55c3b81cc430_265, v0x55c3b81cc430_266;
v0x55c3b81cc430_267 .array/port v0x55c3b81cc430, 267;
v0x55c3b81cc430_268 .array/port v0x55c3b81cc430, 268;
v0x55c3b81cc430_269 .array/port v0x55c3b81cc430, 269;
v0x55c3b81cc430_270 .array/port v0x55c3b81cc430, 270;
E_0x55c3b8163d60/67 .event edge, v0x55c3b81cc430_267, v0x55c3b81cc430_268, v0x55c3b81cc430_269, v0x55c3b81cc430_270;
v0x55c3b81cc430_271 .array/port v0x55c3b81cc430, 271;
v0x55c3b81cc430_272 .array/port v0x55c3b81cc430, 272;
v0x55c3b81cc430_273 .array/port v0x55c3b81cc430, 273;
v0x55c3b81cc430_274 .array/port v0x55c3b81cc430, 274;
E_0x55c3b8163d60/68 .event edge, v0x55c3b81cc430_271, v0x55c3b81cc430_272, v0x55c3b81cc430_273, v0x55c3b81cc430_274;
v0x55c3b81cc430_275 .array/port v0x55c3b81cc430, 275;
v0x55c3b81cc430_276 .array/port v0x55c3b81cc430, 276;
v0x55c3b81cc430_277 .array/port v0x55c3b81cc430, 277;
v0x55c3b81cc430_278 .array/port v0x55c3b81cc430, 278;
E_0x55c3b8163d60/69 .event edge, v0x55c3b81cc430_275, v0x55c3b81cc430_276, v0x55c3b81cc430_277, v0x55c3b81cc430_278;
v0x55c3b81cc430_279 .array/port v0x55c3b81cc430, 279;
v0x55c3b81cc430_280 .array/port v0x55c3b81cc430, 280;
v0x55c3b81cc430_281 .array/port v0x55c3b81cc430, 281;
v0x55c3b81cc430_282 .array/port v0x55c3b81cc430, 282;
E_0x55c3b8163d60/70 .event edge, v0x55c3b81cc430_279, v0x55c3b81cc430_280, v0x55c3b81cc430_281, v0x55c3b81cc430_282;
v0x55c3b81cc430_283 .array/port v0x55c3b81cc430, 283;
v0x55c3b81cc430_284 .array/port v0x55c3b81cc430, 284;
v0x55c3b81cc430_285 .array/port v0x55c3b81cc430, 285;
v0x55c3b81cc430_286 .array/port v0x55c3b81cc430, 286;
E_0x55c3b8163d60/71 .event edge, v0x55c3b81cc430_283, v0x55c3b81cc430_284, v0x55c3b81cc430_285, v0x55c3b81cc430_286;
v0x55c3b81cc430_287 .array/port v0x55c3b81cc430, 287;
v0x55c3b81cc430_288 .array/port v0x55c3b81cc430, 288;
v0x55c3b81cc430_289 .array/port v0x55c3b81cc430, 289;
v0x55c3b81cc430_290 .array/port v0x55c3b81cc430, 290;
E_0x55c3b8163d60/72 .event edge, v0x55c3b81cc430_287, v0x55c3b81cc430_288, v0x55c3b81cc430_289, v0x55c3b81cc430_290;
v0x55c3b81cc430_291 .array/port v0x55c3b81cc430, 291;
v0x55c3b81cc430_292 .array/port v0x55c3b81cc430, 292;
v0x55c3b81cc430_293 .array/port v0x55c3b81cc430, 293;
v0x55c3b81cc430_294 .array/port v0x55c3b81cc430, 294;
E_0x55c3b8163d60/73 .event edge, v0x55c3b81cc430_291, v0x55c3b81cc430_292, v0x55c3b81cc430_293, v0x55c3b81cc430_294;
v0x55c3b81cc430_295 .array/port v0x55c3b81cc430, 295;
v0x55c3b81cc430_296 .array/port v0x55c3b81cc430, 296;
v0x55c3b81cc430_297 .array/port v0x55c3b81cc430, 297;
v0x55c3b81cc430_298 .array/port v0x55c3b81cc430, 298;
E_0x55c3b8163d60/74 .event edge, v0x55c3b81cc430_295, v0x55c3b81cc430_296, v0x55c3b81cc430_297, v0x55c3b81cc430_298;
v0x55c3b81cc430_299 .array/port v0x55c3b81cc430, 299;
v0x55c3b81cc430_300 .array/port v0x55c3b81cc430, 300;
v0x55c3b81cc430_301 .array/port v0x55c3b81cc430, 301;
v0x55c3b81cc430_302 .array/port v0x55c3b81cc430, 302;
E_0x55c3b8163d60/75 .event edge, v0x55c3b81cc430_299, v0x55c3b81cc430_300, v0x55c3b81cc430_301, v0x55c3b81cc430_302;
v0x55c3b81cc430_303 .array/port v0x55c3b81cc430, 303;
v0x55c3b81cc430_304 .array/port v0x55c3b81cc430, 304;
v0x55c3b81cc430_305 .array/port v0x55c3b81cc430, 305;
v0x55c3b81cc430_306 .array/port v0x55c3b81cc430, 306;
E_0x55c3b8163d60/76 .event edge, v0x55c3b81cc430_303, v0x55c3b81cc430_304, v0x55c3b81cc430_305, v0x55c3b81cc430_306;
v0x55c3b81cc430_307 .array/port v0x55c3b81cc430, 307;
v0x55c3b81cc430_308 .array/port v0x55c3b81cc430, 308;
v0x55c3b81cc430_309 .array/port v0x55c3b81cc430, 309;
v0x55c3b81cc430_310 .array/port v0x55c3b81cc430, 310;
E_0x55c3b8163d60/77 .event edge, v0x55c3b81cc430_307, v0x55c3b81cc430_308, v0x55c3b81cc430_309, v0x55c3b81cc430_310;
v0x55c3b81cc430_311 .array/port v0x55c3b81cc430, 311;
v0x55c3b81cc430_312 .array/port v0x55c3b81cc430, 312;
v0x55c3b81cc430_313 .array/port v0x55c3b81cc430, 313;
v0x55c3b81cc430_314 .array/port v0x55c3b81cc430, 314;
E_0x55c3b8163d60/78 .event edge, v0x55c3b81cc430_311, v0x55c3b81cc430_312, v0x55c3b81cc430_313, v0x55c3b81cc430_314;
v0x55c3b81cc430_315 .array/port v0x55c3b81cc430, 315;
v0x55c3b81cc430_316 .array/port v0x55c3b81cc430, 316;
v0x55c3b81cc430_317 .array/port v0x55c3b81cc430, 317;
v0x55c3b81cc430_318 .array/port v0x55c3b81cc430, 318;
E_0x55c3b8163d60/79 .event edge, v0x55c3b81cc430_315, v0x55c3b81cc430_316, v0x55c3b81cc430_317, v0x55c3b81cc430_318;
v0x55c3b81cc430_319 .array/port v0x55c3b81cc430, 319;
v0x55c3b81cc430_320 .array/port v0x55c3b81cc430, 320;
v0x55c3b81cc430_321 .array/port v0x55c3b81cc430, 321;
v0x55c3b81cc430_322 .array/port v0x55c3b81cc430, 322;
E_0x55c3b8163d60/80 .event edge, v0x55c3b81cc430_319, v0x55c3b81cc430_320, v0x55c3b81cc430_321, v0x55c3b81cc430_322;
v0x55c3b81cc430_323 .array/port v0x55c3b81cc430, 323;
v0x55c3b81cc430_324 .array/port v0x55c3b81cc430, 324;
v0x55c3b81cc430_325 .array/port v0x55c3b81cc430, 325;
v0x55c3b81cc430_326 .array/port v0x55c3b81cc430, 326;
E_0x55c3b8163d60/81 .event edge, v0x55c3b81cc430_323, v0x55c3b81cc430_324, v0x55c3b81cc430_325, v0x55c3b81cc430_326;
v0x55c3b81cc430_327 .array/port v0x55c3b81cc430, 327;
v0x55c3b81cc430_328 .array/port v0x55c3b81cc430, 328;
v0x55c3b81cc430_329 .array/port v0x55c3b81cc430, 329;
v0x55c3b81cc430_330 .array/port v0x55c3b81cc430, 330;
E_0x55c3b8163d60/82 .event edge, v0x55c3b81cc430_327, v0x55c3b81cc430_328, v0x55c3b81cc430_329, v0x55c3b81cc430_330;
v0x55c3b81cc430_331 .array/port v0x55c3b81cc430, 331;
v0x55c3b81cc430_332 .array/port v0x55c3b81cc430, 332;
v0x55c3b81cc430_333 .array/port v0x55c3b81cc430, 333;
v0x55c3b81cc430_334 .array/port v0x55c3b81cc430, 334;
E_0x55c3b8163d60/83 .event edge, v0x55c3b81cc430_331, v0x55c3b81cc430_332, v0x55c3b81cc430_333, v0x55c3b81cc430_334;
v0x55c3b81cc430_335 .array/port v0x55c3b81cc430, 335;
v0x55c3b81cc430_336 .array/port v0x55c3b81cc430, 336;
v0x55c3b81cc430_337 .array/port v0x55c3b81cc430, 337;
v0x55c3b81cc430_338 .array/port v0x55c3b81cc430, 338;
E_0x55c3b8163d60/84 .event edge, v0x55c3b81cc430_335, v0x55c3b81cc430_336, v0x55c3b81cc430_337, v0x55c3b81cc430_338;
v0x55c3b81cc430_339 .array/port v0x55c3b81cc430, 339;
v0x55c3b81cc430_340 .array/port v0x55c3b81cc430, 340;
v0x55c3b81cc430_341 .array/port v0x55c3b81cc430, 341;
v0x55c3b81cc430_342 .array/port v0x55c3b81cc430, 342;
E_0x55c3b8163d60/85 .event edge, v0x55c3b81cc430_339, v0x55c3b81cc430_340, v0x55c3b81cc430_341, v0x55c3b81cc430_342;
v0x55c3b81cc430_343 .array/port v0x55c3b81cc430, 343;
v0x55c3b81cc430_344 .array/port v0x55c3b81cc430, 344;
v0x55c3b81cc430_345 .array/port v0x55c3b81cc430, 345;
v0x55c3b81cc430_346 .array/port v0x55c3b81cc430, 346;
E_0x55c3b8163d60/86 .event edge, v0x55c3b81cc430_343, v0x55c3b81cc430_344, v0x55c3b81cc430_345, v0x55c3b81cc430_346;
v0x55c3b81cc430_347 .array/port v0x55c3b81cc430, 347;
v0x55c3b81cc430_348 .array/port v0x55c3b81cc430, 348;
v0x55c3b81cc430_349 .array/port v0x55c3b81cc430, 349;
v0x55c3b81cc430_350 .array/port v0x55c3b81cc430, 350;
E_0x55c3b8163d60/87 .event edge, v0x55c3b81cc430_347, v0x55c3b81cc430_348, v0x55c3b81cc430_349, v0x55c3b81cc430_350;
v0x55c3b81cc430_351 .array/port v0x55c3b81cc430, 351;
v0x55c3b81cc430_352 .array/port v0x55c3b81cc430, 352;
v0x55c3b81cc430_353 .array/port v0x55c3b81cc430, 353;
v0x55c3b81cc430_354 .array/port v0x55c3b81cc430, 354;
E_0x55c3b8163d60/88 .event edge, v0x55c3b81cc430_351, v0x55c3b81cc430_352, v0x55c3b81cc430_353, v0x55c3b81cc430_354;
v0x55c3b81cc430_355 .array/port v0x55c3b81cc430, 355;
v0x55c3b81cc430_356 .array/port v0x55c3b81cc430, 356;
v0x55c3b81cc430_357 .array/port v0x55c3b81cc430, 357;
v0x55c3b81cc430_358 .array/port v0x55c3b81cc430, 358;
E_0x55c3b8163d60/89 .event edge, v0x55c3b81cc430_355, v0x55c3b81cc430_356, v0x55c3b81cc430_357, v0x55c3b81cc430_358;
v0x55c3b81cc430_359 .array/port v0x55c3b81cc430, 359;
E_0x55c3b8163d60/90 .event edge, v0x55c3b81cc430_359;
E_0x55c3b8163d60 .event/or E_0x55c3b8163d60/0, E_0x55c3b8163d60/1, E_0x55c3b8163d60/2, E_0x55c3b8163d60/3, E_0x55c3b8163d60/4, E_0x55c3b8163d60/5, E_0x55c3b8163d60/6, E_0x55c3b8163d60/7, E_0x55c3b8163d60/8, E_0x55c3b8163d60/9, E_0x55c3b8163d60/10, E_0x55c3b8163d60/11, E_0x55c3b8163d60/12, E_0x55c3b8163d60/13, E_0x55c3b8163d60/14, E_0x55c3b8163d60/15, E_0x55c3b8163d60/16, E_0x55c3b8163d60/17, E_0x55c3b8163d60/18, E_0x55c3b8163d60/19, E_0x55c3b8163d60/20, E_0x55c3b8163d60/21, E_0x55c3b8163d60/22, E_0x55c3b8163d60/23, E_0x55c3b8163d60/24, E_0x55c3b8163d60/25, E_0x55c3b8163d60/26, E_0x55c3b8163d60/27, E_0x55c3b8163d60/28, E_0x55c3b8163d60/29, E_0x55c3b8163d60/30, E_0x55c3b8163d60/31, E_0x55c3b8163d60/32, E_0x55c3b8163d60/33, E_0x55c3b8163d60/34, E_0x55c3b8163d60/35, E_0x55c3b8163d60/36, E_0x55c3b8163d60/37, E_0x55c3b8163d60/38, E_0x55c3b8163d60/39, E_0x55c3b8163d60/40, E_0x55c3b8163d60/41, E_0x55c3b8163d60/42, E_0x55c3b8163d60/43, E_0x55c3b8163d60/44, E_0x55c3b8163d60/45, E_0x55c3b8163d60/46, E_0x55c3b8163d60/47, E_0x55c3b8163d60/48, E_0x55c3b8163d60/49, E_0x55c3b8163d60/50, E_0x55c3b8163d60/51, E_0x55c3b8163d60/52, E_0x55c3b8163d60/53, E_0x55c3b8163d60/54, E_0x55c3b8163d60/55, E_0x55c3b8163d60/56, E_0x55c3b8163d60/57, E_0x55c3b8163d60/58, E_0x55c3b8163d60/59, E_0x55c3b8163d60/60, E_0x55c3b8163d60/61, E_0x55c3b8163d60/62, E_0x55c3b8163d60/63, E_0x55c3b8163d60/64, E_0x55c3b8163d60/65, E_0x55c3b8163d60/66, E_0x55c3b8163d60/67, E_0x55c3b8163d60/68, E_0x55c3b8163d60/69, E_0x55c3b8163d60/70, E_0x55c3b8163d60/71, E_0x55c3b8163d60/72, E_0x55c3b8163d60/73, E_0x55c3b8163d60/74, E_0x55c3b8163d60/75, E_0x55c3b8163d60/76, E_0x55c3b8163d60/77, E_0x55c3b8163d60/78, E_0x55c3b8163d60/79, E_0x55c3b8163d60/80, E_0x55c3b8163d60/81, E_0x55c3b8163d60/82, E_0x55c3b8163d60/83, E_0x55c3b8163d60/84, E_0x55c3b8163d60/85, E_0x55c3b8163d60/86, E_0x55c3b8163d60/87, E_0x55c3b8163d60/88, E_0x55c3b8163d60/89, E_0x55c3b8163d60/90;
S_0x55c3b81cff90 .scope module, "ins1" "Registro" 2 77, 6 2 0, S_0x55c3b8172ef0;
 .timescale -9 -9;
    .port_info 0 /INPUT 5 "dirlec1"
    .port_info 1 /INPUT 5 "dirlec2"
    .port_info 2 /INPUT 32 "datoesc"
    .port_info 3 /INPUT 5 "diresc"
    .port_info 4 /INPUT 1 "enesc"
    .port_info 5 /OUTPUT 32 "datolec1"
    .port_info 6 /OUTPUT 32 "datolec2"
v0x55c3b81d0340 .array "brr", 31 0, 31 0;
v0x55c3b81d0820_0 .net "datoesc", 31 0, v0x55c3b81d3b80_0;  alias, 1 drivers
v0x55c3b81d0900_0 .var "datolec1", 31 0;
v0x55c3b81d09c0_0 .var "datolec2", 31 0;
v0x55c3b81d0aa0_0 .net "diresc", 4 0, v0x55c3b81d4230_0;  alias, 1 drivers
v0x55c3b81d0bd0_0 .net "dirlec1", 4 0, L_0x55c3b81e6860;  1 drivers
v0x55c3b81d0cb0_0 .net "dirlec2", 4 0, L_0x55c3b81e6950;  1 drivers
v0x55c3b81d0d90_0 .net "enesc", 0 0, v0x55c3b81d34d0_0;  alias, 1 drivers
v0x55c3b81d0340_0 .array/port v0x55c3b81d0340, 0;
v0x55c3b81d0340_1 .array/port v0x55c3b81d0340, 1;
v0x55c3b81d0340_2 .array/port v0x55c3b81d0340, 2;
E_0x55c3b81aeb70/0 .event edge, v0x55c3b81d0bd0_0, v0x55c3b81d0340_0, v0x55c3b81d0340_1, v0x55c3b81d0340_2;
v0x55c3b81d0340_3 .array/port v0x55c3b81d0340, 3;
v0x55c3b81d0340_4 .array/port v0x55c3b81d0340, 4;
v0x55c3b81d0340_5 .array/port v0x55c3b81d0340, 5;
v0x55c3b81d0340_6 .array/port v0x55c3b81d0340, 6;
E_0x55c3b81aeb70/1 .event edge, v0x55c3b81d0340_3, v0x55c3b81d0340_4, v0x55c3b81d0340_5, v0x55c3b81d0340_6;
v0x55c3b81d0340_7 .array/port v0x55c3b81d0340, 7;
v0x55c3b81d0340_8 .array/port v0x55c3b81d0340, 8;
v0x55c3b81d0340_9 .array/port v0x55c3b81d0340, 9;
v0x55c3b81d0340_10 .array/port v0x55c3b81d0340, 10;
E_0x55c3b81aeb70/2 .event edge, v0x55c3b81d0340_7, v0x55c3b81d0340_8, v0x55c3b81d0340_9, v0x55c3b81d0340_10;
v0x55c3b81d0340_11 .array/port v0x55c3b81d0340, 11;
v0x55c3b81d0340_12 .array/port v0x55c3b81d0340, 12;
v0x55c3b81d0340_13 .array/port v0x55c3b81d0340, 13;
v0x55c3b81d0340_14 .array/port v0x55c3b81d0340, 14;
E_0x55c3b81aeb70/3 .event edge, v0x55c3b81d0340_11, v0x55c3b81d0340_12, v0x55c3b81d0340_13, v0x55c3b81d0340_14;
v0x55c3b81d0340_15 .array/port v0x55c3b81d0340, 15;
v0x55c3b81d0340_16 .array/port v0x55c3b81d0340, 16;
v0x55c3b81d0340_17 .array/port v0x55c3b81d0340, 17;
v0x55c3b81d0340_18 .array/port v0x55c3b81d0340, 18;
E_0x55c3b81aeb70/4 .event edge, v0x55c3b81d0340_15, v0x55c3b81d0340_16, v0x55c3b81d0340_17, v0x55c3b81d0340_18;
v0x55c3b81d0340_19 .array/port v0x55c3b81d0340, 19;
v0x55c3b81d0340_20 .array/port v0x55c3b81d0340, 20;
v0x55c3b81d0340_21 .array/port v0x55c3b81d0340, 21;
v0x55c3b81d0340_22 .array/port v0x55c3b81d0340, 22;
E_0x55c3b81aeb70/5 .event edge, v0x55c3b81d0340_19, v0x55c3b81d0340_20, v0x55c3b81d0340_21, v0x55c3b81d0340_22;
v0x55c3b81d0340_23 .array/port v0x55c3b81d0340, 23;
v0x55c3b81d0340_24 .array/port v0x55c3b81d0340, 24;
v0x55c3b81d0340_25 .array/port v0x55c3b81d0340, 25;
v0x55c3b81d0340_26 .array/port v0x55c3b81d0340, 26;
E_0x55c3b81aeb70/6 .event edge, v0x55c3b81d0340_23, v0x55c3b81d0340_24, v0x55c3b81d0340_25, v0x55c3b81d0340_26;
v0x55c3b81d0340_27 .array/port v0x55c3b81d0340, 27;
v0x55c3b81d0340_28 .array/port v0x55c3b81d0340, 28;
v0x55c3b81d0340_29 .array/port v0x55c3b81d0340, 29;
v0x55c3b81d0340_30 .array/port v0x55c3b81d0340, 30;
E_0x55c3b81aeb70/7 .event edge, v0x55c3b81d0340_27, v0x55c3b81d0340_28, v0x55c3b81d0340_29, v0x55c3b81d0340_30;
v0x55c3b81d0340_31 .array/port v0x55c3b81d0340, 31;
E_0x55c3b81aeb70/8 .event edge, v0x55c3b81d0340_31, v0x55c3b81d0cb0_0, v0x55c3b81d0d90_0, v0x55c3b81d0820_0;
E_0x55c3b81aeb70/9 .event edge, v0x55c3b81d0aa0_0;
E_0x55c3b81aeb70 .event/or E_0x55c3b81aeb70/0, E_0x55c3b81aeb70/1, E_0x55c3b81aeb70/2, E_0x55c3b81aeb70/3, E_0x55c3b81aeb70/4, E_0x55c3b81aeb70/5, E_0x55c3b81aeb70/6, E_0x55c3b81aeb70/7, E_0x55c3b81aeb70/8, E_0x55c3b81aeb70/9;
S_0x55c3b81d0f70 .scope module, "ins2" "Mem" 2 86, 7 2 0, S_0x55c3b8172ef0;
 .timescale -9 -9;
    .port_info 0 /INPUT 32 "dir"
    .port_info 1 /INPUT 32 "datain"
    .port_info 2 /INPUT 1 "memwrites"
    .port_info 3 /INPUT 1 "memreads"
    .port_info 4 /OUTPUT 32 "dataout"
v0x55c3b81d1360_0 .net "datain", 31 0, v0x55c3b81d09c0_0;  alias, 1 drivers
v0x55c3b81d1440_0 .var "dataout", 31 0;
v0x55c3b81d1500_0 .net "dir", 31 0, v0x55c3b81d2000_0;  alias, 1 drivers
v0x55c3b81d15f0 .array "mem", 31 0, 31 0;
v0x55c3b81d1ab0_0 .net "memreads", 0 0, v0x55c3b81d30f0_0;  alias, 1 drivers
v0x55c3b81d1bc0_0 .net "memwrites", 0 0, v0x55c3b81d32b0_0;  alias, 1 drivers
E_0x55c3b81ae600/0 .event edge, v0x55c3b81d1bc0_0, v0x55c3b81d09c0_0, v0x55c3b81d1500_0, v0x55c3b81d1ab0_0;
v0x55c3b81d15f0_0 .array/port v0x55c3b81d15f0, 0;
v0x55c3b81d15f0_1 .array/port v0x55c3b81d15f0, 1;
v0x55c3b81d15f0_2 .array/port v0x55c3b81d15f0, 2;
v0x55c3b81d15f0_3 .array/port v0x55c3b81d15f0, 3;
E_0x55c3b81ae600/1 .event edge, v0x55c3b81d15f0_0, v0x55c3b81d15f0_1, v0x55c3b81d15f0_2, v0x55c3b81d15f0_3;
v0x55c3b81d15f0_4 .array/port v0x55c3b81d15f0, 4;
v0x55c3b81d15f0_5 .array/port v0x55c3b81d15f0, 5;
v0x55c3b81d15f0_6 .array/port v0x55c3b81d15f0, 6;
v0x55c3b81d15f0_7 .array/port v0x55c3b81d15f0, 7;
E_0x55c3b81ae600/2 .event edge, v0x55c3b81d15f0_4, v0x55c3b81d15f0_5, v0x55c3b81d15f0_6, v0x55c3b81d15f0_7;
v0x55c3b81d15f0_8 .array/port v0x55c3b81d15f0, 8;
v0x55c3b81d15f0_9 .array/port v0x55c3b81d15f0, 9;
v0x55c3b81d15f0_10 .array/port v0x55c3b81d15f0, 10;
v0x55c3b81d15f0_11 .array/port v0x55c3b81d15f0, 11;
E_0x55c3b81ae600/3 .event edge, v0x55c3b81d15f0_8, v0x55c3b81d15f0_9, v0x55c3b81d15f0_10, v0x55c3b81d15f0_11;
v0x55c3b81d15f0_12 .array/port v0x55c3b81d15f0, 12;
v0x55c3b81d15f0_13 .array/port v0x55c3b81d15f0, 13;
v0x55c3b81d15f0_14 .array/port v0x55c3b81d15f0, 14;
v0x55c3b81d15f0_15 .array/port v0x55c3b81d15f0, 15;
E_0x55c3b81ae600/4 .event edge, v0x55c3b81d15f0_12, v0x55c3b81d15f0_13, v0x55c3b81d15f0_14, v0x55c3b81d15f0_15;
v0x55c3b81d15f0_16 .array/port v0x55c3b81d15f0, 16;
v0x55c3b81d15f0_17 .array/port v0x55c3b81d15f0, 17;
v0x55c3b81d15f0_18 .array/port v0x55c3b81d15f0, 18;
v0x55c3b81d15f0_19 .array/port v0x55c3b81d15f0, 19;
E_0x55c3b81ae600/5 .event edge, v0x55c3b81d15f0_16, v0x55c3b81d15f0_17, v0x55c3b81d15f0_18, v0x55c3b81d15f0_19;
v0x55c3b81d15f0_20 .array/port v0x55c3b81d15f0, 20;
v0x55c3b81d15f0_21 .array/port v0x55c3b81d15f0, 21;
v0x55c3b81d15f0_22 .array/port v0x55c3b81d15f0, 22;
v0x55c3b81d15f0_23 .array/port v0x55c3b81d15f0, 23;
E_0x55c3b81ae600/6 .event edge, v0x55c3b81d15f0_20, v0x55c3b81d15f0_21, v0x55c3b81d15f0_22, v0x55c3b81d15f0_23;
v0x55c3b81d15f0_24 .array/port v0x55c3b81d15f0, 24;
v0x55c3b81d15f0_25 .array/port v0x55c3b81d15f0, 25;
v0x55c3b81d15f0_26 .array/port v0x55c3b81d15f0, 26;
v0x55c3b81d15f0_27 .array/port v0x55c3b81d15f0, 27;
E_0x55c3b81ae600/7 .event edge, v0x55c3b81d15f0_24, v0x55c3b81d15f0_25, v0x55c3b81d15f0_26, v0x55c3b81d15f0_27;
v0x55c3b81d15f0_28 .array/port v0x55c3b81d15f0, 28;
v0x55c3b81d15f0_29 .array/port v0x55c3b81d15f0, 29;
v0x55c3b81d15f0_30 .array/port v0x55c3b81d15f0, 30;
v0x55c3b81d15f0_31 .array/port v0x55c3b81d15f0, 31;
E_0x55c3b81ae600/8 .event edge, v0x55c3b81d15f0_28, v0x55c3b81d15f0_29, v0x55c3b81d15f0_30, v0x55c3b81d15f0_31;
E_0x55c3b81ae600 .event/or E_0x55c3b81ae600/0, E_0x55c3b81ae600/1, E_0x55c3b81ae600/2, E_0x55c3b81ae600/3, E_0x55c3b81ae600/4, E_0x55c3b81ae600/5, E_0x55c3b81ae600/6, E_0x55c3b81ae600/7, E_0x55c3b81ae600/8;
S_0x55c3b81d1d20 .scope module, "ins3" "Alu" 2 94, 8 2 0, S_0x55c3b8172ef0;
 .timescale -9 -9;
    .port_info 0 /INPUT 3 "sel"
    .port_info 1 /INPUT 32 "op1"
    .port_info 2 /INPUT 32 "op2"
    .port_info 3 /OUTPUT 1 "zflag"
    .port_info 4 /OUTPUT 32 "Result"
v0x55c3b81d2000_0 .var "Result", 31 0;
v0x55c3b81d2110_0 .net "op1", 31 0, v0x55c3b81d0900_0;  alias, 1 drivers
v0x55c3b81d21e0_0 .net "op2", 31 0, v0x55c3b81d4de0_0;  alias, 1 drivers
v0x55c3b81d22b0_0 .net "sel", 2 0, v0x55c3b81d2900_0;  alias, 1 drivers
v0x55c3b81d2390_0 .var "zflag", 0 0;
E_0x55c3b81d1f70 .event edge, v0x55c3b81d22b0_0, v0x55c3b81d0900_0, v0x55c3b81d21e0_0, v0x55c3b81d1500_0;
S_0x55c3b81d2540 .scope module, "ins4" "Alucontrol" 2 102, 9 2 0, S_0x55c3b8172ef0;
 .timescale -9 -9;
    .port_info 0 /INPUT 3 "uc"
    .port_info 1 /INPUT 6 "ins"
    .port_info 2 /OUTPUT 3 "so"
v0x55c3b81d2800_0 .net "ins", 5 0, L_0x55c3b81e69f0;  1 drivers
v0x55c3b81d2900_0 .var "so", 2 0;
v0x55c3b81d29c0_0 .net "uc", 2 0, v0x55c3b81d2e70_0;  alias, 1 drivers
E_0x55c3b81d2780 .event edge, v0x55c3b81d29c0_0, v0x55c3b81d2800_0;
S_0x55c3b81d2b10 .scope module, "ins5" "Unidad" 2 108, 10 2 0, S_0x55c3b8172ef0;
 .timescale -9 -9;
    .port_info 0 /INPUT 6 "op"
    .port_info 1 /OUTPUT 1 "regdst"
    .port_info 2 /OUTPUT 1 "branch"
    .port_info 3 /OUTPUT 1 "memread"
    .port_info 4 /OUTPUT 1 "memreg"
    .port_info 5 /OUTPUT 1 "memwrite"
    .port_info 6 /OUTPUT 1 "alusrc"
    .port_info 7 /OUTPUT 1 "regwrite"
    .port_info 8 /OUTPUT 3 "alop"
v0x55c3b81d2e70_0 .var "alop", 2 0;
v0x55c3b81d2f80_0 .var "alusrc", 0 0;
v0x55c3b81d3020_0 .var "branch", 0 0;
v0x55c3b81d30f0_0 .var "memread", 0 0;
v0x55c3b81d31c0_0 .var "memreg", 0 0;
v0x55c3b81d32b0_0 .var "memwrite", 0 0;
v0x55c3b81d3350_0 .net "op", 5 0, L_0x55c3b81e6b20;  1 drivers
v0x55c3b81d3410_0 .var "regdst", 0 0;
v0x55c3b81d34d0_0 .var "regwrite", 0 0;
E_0x55c3b81d2e10 .event edge, v0x55c3b81d3350_0;
S_0x55c3b81d36a0 .scope module, "ins6" "mux32" 2 120, 11 2 0, S_0x55c3b8172ef0;
 .timescale -9 -9;
    .port_info 0 /INPUT 32 "o1"
    .port_info 1 /INPUT 32 "o2"
    .port_info 2 /INPUT 1 "sell"
    .port_info 3 /OUTPUT 32 "sal"
v0x55c3b81d39d0_0 .net "o1", 31 0, v0x55c3b81d1440_0;  alias, 1 drivers
v0x55c3b81d3ae0_0 .net "o2", 31 0, v0x55c3b81d2000_0;  alias, 1 drivers
v0x55c3b81d3b80_0 .var "sal", 31 0;
v0x55c3b81d3c50_0 .net "sell", 0 0, v0x55c3b81d31c0_0;  alias, 1 drivers
E_0x55c3b81d3950 .event edge, v0x55c3b81d31c0_0, v0x55c3b81d1440_0, v0x55c3b81d1500_0;
S_0x55c3b81d3d90 .scope module, "ins7" "mux5" 2 127, 12 2 0, S_0x55c3b8172ef0;
 .timescale -9 -9;
    .port_info 0 /INPUT 5 "o3"
    .port_info 1 /INPUT 5 "o4"
    .port_info 2 /INPUT 1 "selec"
    .port_info 3 /OUTPUT 5 "sal2"
v0x55c3b81d4050_0 .net "o3", 4 0, L_0x55c3b81e6bc0;  1 drivers
v0x55c3b81d4150_0 .net "o4", 4 0, L_0x55c3b81e6c60;  1 drivers
v0x55c3b81d4230_0 .var "sal2", 4 0;
v0x55c3b81d4330_0 .net "selec", 0 0, v0x55c3b81d3410_0;  alias, 1 drivers
E_0x55c3b81d3fd0 .event edge, v0x55c3b81d3410_0, v0x55c3b81d4050_0, v0x55c3b81d4150_0;
S_0x55c3b81d4470 .scope module, "ins8" "MUX323" 2 134, 13 2 0, S_0x55c3b8172ef0;
 .timescale -9 -9;
    .port_info 0 /INPUT 32 "o5"
    .port_info 1 /INPUT 1 "select3"
    .port_info 2 /OUTPUT 32 "sal3"
v0x55c3b81d4730_0 .net "o5", 31 0, L_0x55c3b81e6750;  alias, 1 drivers
v0x55c3b81d4810_0 .var "sal3", 31 0;
v0x55c3b81d48e0_0 .net "select3", 0 0, L_0x55c3b81d65c0;  alias, 1 drivers
E_0x55c3b81d46b0 .event edge, v0x55c3b81d48e0_0, v0x55c3b81cb530_0;
S_0x55c3b81d4a10 .scope module, "ins9" "MUX323" 2 140, 13 2 0, S_0x55c3b8172ef0;
 .timescale -9 -9;
    .port_info 0 /INPUT 32 "o5"
    .port_info 1 /INPUT 1 "select3"
    .port_info 2 /OUTPUT 32 "sal3"
v0x55c3b81d4cb0_0 .net "o5", 31 0, v0x55c3b81d09c0_0;  alias, 1 drivers
v0x55c3b81d4de0_0 .var "sal3", 31 0;
v0x55c3b81d4ea0_0 .net "select3", 0 0, v0x55c3b81d2f80_0;  alias, 1 drivers
E_0x55c3b81d4c30 .event edge, v0x55c3b81d2f80_0, v0x55c3b81d09c0_0;
    .scope S_0x55c3b8173070;
T_0 ;
    %wait E_0x55c3b8163730;
    %load/vec4 v0x55c3b81cb060_0;
    %store/vec4 v0x55c3b81cb140_0, 0, 32;
    %jmp T_0;
    .thread T_0;
    .scope S_0x55c3b8173070;
T_1 ;
    %pushi/vec4 0, 0, 32;
    %store/vec4 v0x55c3b81cb140_0, 0, 32;
    %end;
    .thread T_1;
    .scope S_0x55c3b81cb710;
T_2 ;
    %wait E_0x55c3b8163d60;
    %ix/getv 4, v0x55c3b81cfd60_0;
    %load/vec4a v0x55c3b81cc430, 4;
    %load/vec4 v0x55c3b81cfd60_0;
    %pad/u 33;
    %addi 1, 0, 33;
    %ix/vec4 4;
    %load/vec4a v0x55c3b81cc430, 4;
    %concat/vec4; draw_concat_vec4
    %ix/load 4, 2, 0;
    %flag_set/imm 4, 0;
    %load/vec4a v0x55c3b81cc430, 4;
    %concat/vec4; draw_concat_vec4
    %ix/load 4, 3, 0;
    %flag_set/imm 4, 0;
    %load/vec4a v0x55c3b81cc430, 4;
    %concat/vec4; draw_concat_vec4
    %store/vec4 v0x55c3b81cfe70_0, 0, 32;
    %jmp T_2;
    .thread T_2, $push;
    .scope S_0x55c3b81cb710;
T_3 ;
    %vpi_call 5 14 "$readmemb", "TestF1_memins.mem", v0x55c3b81cc430 {0 0 0};
    %end;
    .thread T_3;
    .scope S_0x55c3b81cff90;
T_4 ;
    %wait E_0x55c3b81aeb70;
    %load/vec4 v0x55c3b81d0bd0_0;
    %pad/u 7;
    %ix/vec4 4;
    %load/vec4a v0x55c3b81d0340, 4;
    %store/vec4 v0x55c3b81d0900_0, 0, 32;
    %load/vec4 v0x55c3b81d0cb0_0;
    %pad/u 7;
    %ix/vec4 4;
    %load/vec4a v0x55c3b81d0340, 4;
    %store/vec4 v0x55c3b81d09c0_0, 0, 32;
    %load/vec4 v0x55c3b81d0d90_0;
    %pad/u 32;
    %cmpi/e 1, 0, 32;
    %jmp/0xz  T_4.0, 4;
    %load/vec4 v0x55c3b81d0820_0;
    %load/vec4 v0x55c3b81d0aa0_0;
    %pad/u 7;
    %ix/vec4 4;
    %store/vec4a v0x55c3b81d0340, 4, 0;
T_4.0 ;
    %jmp T_4;
    .thread T_4, $push;
    .scope S_0x55c3b81cff90;
T_5 ;
    %vpi_call 6 23 "$readmemb", "TestF1_Breg.mem", v0x55c3b81d0340 {0 0 0};
    %end;
    .thread T_5;
    .scope S_0x55c3b81d0f70;
T_6 ;
    %wait E_0x55c3b81ae600;
    %load/vec4 v0x55c3b81d1bc0_0;
    %flag_set/vec4 8;
    %jmp/0xz  T_6.0, 8;
    %load/vec4 v0x55c3b81d1360_0;
    %ix/getv 4, v0x55c3b81d1500_0;
    %store/vec4a v0x55c3b81d15f0, 4, 0;
    %jmp T_6.1;
T_6.0 ;
    %load/vec4 v0x55c3b81d1ab0_0;
    %flag_set/vec4 8;
    %jmp/0xz  T_6.2, 8;
    %ix/getv 4, v0x55c3b81d1500_0;
    %load/vec4a v0x55c3b81d15f0, 4;
    %store/vec4 v0x55c3b81d1440_0, 0, 32;
    %jmp T_6.3;
T_6.2 ;
    %pushi/vec4 4294967295, 4294967295, 32;
    %store/vec4 v0x55c3b81d1440_0, 0, 32;
T_6.3 ;
T_6.1 ;
    %jmp T_6;
    .thread T_6, $push;
    .scope S_0x55c3b81d0f70;
T_7 ;
    %pushi/vec4 65, 0, 32;
    %ix/load 4, 0, 0;
    %flag_set/imm 4, 0;
    %store/vec4a v0x55c3b81d15f0, 4, 0;
    %pushi/vec4 110, 0, 32;
    %ix/load 4, 1, 0;
    %flag_set/imm 4, 0;
    %store/vec4a v0x55c3b81d15f0, 4, 0;
    %pushi/vec4 103, 0, 32;
    %ix/load 4, 2, 0;
    %flag_set/imm 4, 0;
    %store/vec4a v0x55c3b81d15f0, 4, 0;
    %pushi/vec4 101, 0, 32;
    %ix/load 4, 3, 0;
    %flag_set/imm 4, 0;
    %store/vec4a v0x55c3b81d15f0, 4, 0;
    %pushi/vec4 108, 0, 32;
    %ix/load 4, 4, 0;
    %flag_set/imm 4, 0;
    %store/vec4a v0x55c3b81d15f0, 4, 0;
    %pushi/vec4 32, 0, 32;
    %ix/load 4, 5, 0;
    %flag_set/imm 4, 0;
    %store/vec4a v0x55c3b81d15f0, 4, 0;
    %pushi/vec4 77, 0, 32;
    %ix/load 4, 6, 0;
    %flag_set/imm 4, 0;
    %store/vec4a v0x55c3b81d15f0, 4, 0;
    %pushi/vec4 101, 0, 32;
    %ix/load 4, 7, 0;
    %flag_set/imm 4, 0;
    %store/vec4a v0x55c3b81d15f0, 4, 0;
    %pushi/vec4 114, 0, 32;
    %ix/load 4, 8, 0;
    %flag_set/imm 4, 0;
    %store/vec4a v0x55c3b81d15f0, 4, 0;
    %pushi/vec4 99, 0, 32;
    %ix/load 4, 9, 0;
    %flag_set/imm 4, 0;
    %store/vec4a v0x55c3b81d15f0, 4, 0;
    %pushi/vec4 97, 0, 32;
    %ix/load 4, 10, 0;
    %flag_set/imm 4, 0;
    %store/vec4a v0x55c3b81d15f0, 4, 0;
    %pushi/vec4 100, 0, 32;
    %ix/load 4, 11, 0;
    %flag_set/imm 4, 0;
    %store/vec4a v0x55c3b81d15f0, 4, 0;
    %pushi/vec4 111, 0, 32;
    %ix/load 4, 12, 0;
    %flag_set/imm 4, 0;
    %store/vec4a v0x55c3b81d15f0, 4, 0;
    %delay 100, 0;
    %vpi_call 7 44 "$stop" {0 0 0};
    %end;
    .thread T_7;
    .scope S_0x55c3b81d1d20;
T_8 ;
    %wait E_0x55c3b81d1f70;
    %load/vec4 v0x55c3b81d22b0_0;
    %dup/vec4;
    %pushi/vec4 1, 0, 3;
    %cmp/u;
    %jmp/1 T_8.0, 6;
    %dup/vec4;
    %pushi/vec4 2, 0, 3;
    %cmp/u;
    %jmp/1 T_8.1, 6;
    %dup/vec4;
    %pushi/vec4 6, 0, 3;
    %cmp/u;
    %jmp/1 T_8.2, 6;
    %dup/vec4;
    %pushi/vec4 4, 0, 3;
    %cmp/u;
    %jmp/1 T_8.3, 6;
    %dup/vec4;
    %pushi/vec4 5, 0, 3;
    %cmp/u;
    %jmp/1 T_8.4, 6;
    %dup/vec4;
    %pushi/vec4 7, 0, 3;
    %cmp/u;
    %jmp/1 T_8.5, 6;
    %dup/vec4;
    %pushi/vec4 0, 0, 3;
    %cmp/u;
    %jmp/1 T_8.6, 6;
    %dup/vec4;
    %pushi/vec4 3, 0, 3;
    %cmp/u;
    %jmp/1 T_8.7, 6;
    %jmp T_8.8;
T_8.0 ;
    %load/vec4 v0x55c3b81d2110_0;
    %load/vec4 v0x55c3b81d21e0_0;
    %add;
    %store/vec4 v0x55c3b81d2000_0, 0, 32;
    %jmp T_8.8;
T_8.1 ;
    %load/vec4 v0x55c3b81d2110_0;
    %load/vec4 v0x55c3b81d21e0_0;
    %mul;
    %store/vec4 v0x55c3b81d2000_0, 0, 32;
    %jmp T_8.8;
T_8.2 ;
    %load/vec4 v0x55c3b81d21e0_0;
    %ix/load 4, 1, 0;
    %flag_set/imm 4, 0;
    %shiftl 4;
    %store/vec4 v0x55c3b81d2000_0, 0, 32;
    %jmp T_8.8;
T_8.3 ;
    %load/vec4 v0x55c3b81d2110_0;
    %load/vec4 v0x55c3b81d21e0_0;
    %sub;
    %store/vec4 v0x55c3b81d2000_0, 0, 32;
    %jmp T_8.8;
T_8.4 ;
    %load/vec4 v0x55c3b81d2110_0;
    %load/vec4 v0x55c3b81d21e0_0;
    %cmp/u;
    %flag_mov 8, 5;
    %jmp/0 T_8.9, 8;
    %pushi/vec4 1, 0, 32;
    %jmp/1 T_8.10, 8;
T_8.9 ; End of true expr.
    %pushi/vec4 0, 0, 32;
    %jmp/0 T_8.10, 8;
 ; End of false expr.
    %blend;
T_8.10;
    %store/vec4 v0x55c3b81d2000_0, 0, 32;
    %jmp T_8.8;
T_8.5 ;
    %load/vec4 v0x55c3b81d2110_0;
    %load/vec4 v0x55c3b81d21e0_0;
    %and;
    %store/vec4 v0x55c3b81d2000_0, 0, 32;
    %jmp T_8.8;
T_8.6 ;
    %load/vec4 v0x55c3b81d2110_0;
    %load/vec4 v0x55c3b81d21e0_0;
    %or;
    %store/vec4 v0x55c3b81d2000_0, 0, 32;
    %jmp T_8.8;
T_8.7 ;
    %load/vec4 v0x55c3b81d2110_0;
    %load/vec4 v0x55c3b81d21e0_0;
    %xor;
    %store/vec4 v0x55c3b81d2000_0, 0, 32;
    %jmp T_8.8;
T_8.8 ;
    %pop/vec4 1;
    %load/vec4 v0x55c3b81d2000_0;
    %cmpi/e 0, 0, 32;
    %jmp/0xz  T_8.11, 4;
    %pushi/vec4 1, 0, 1;
    %store/vec4 v0x55c3b81d2390_0, 0, 1;
    %jmp T_8.12;
T_8.11 ;
    %pushi/vec4 0, 0, 1;
    %store/vec4 v0x55c3b81d2390_0, 0, 1;
T_8.12 ;
    %jmp T_8;
    .thread T_8, $push;
    .scope S_0x55c3b81d2540;
T_9 ;
    %wait E_0x55c3b81d2780;
    %load/vec4 v0x55c3b81d29c0_0;
    %dup/vec4;
    %pushi/vec4 7, 0, 3;
    %cmp/u;
    %jmp/1 T_9.0, 6;
    %jmp T_9.1;
T_9.0 ;
    %load/vec4 v0x55c3b81d2800_0;
    %dup/vec4;
    %pushi/vec4 32, 0, 6;
    %cmp/u;
    %jmp/1 T_9.2, 6;
    %dup/vec4;
    %pushi/vec4 36, 0, 6;
    %cmp/u;
    %jmp/1 T_9.3, 6;
    %dup/vec4;
    %pushi/vec4 37, 0, 6;
    %cmp/u;
    %jmp/1 T_9.4, 6;
    %dup/vec4;
    %pushi/vec4 34, 0, 6;
    %cmp/u;
    %jmp/1 T_9.5, 6;
    %dup/vec4;
    %pushi/vec4 42, 0, 6;
    %cmp/u;
    %jmp/1 T_9.6, 6;
    %jmp T_9.7;
T_9.2 ;
    %pushi/vec4 1, 0, 3;
    %store/vec4 v0x55c3b81d2900_0, 0, 3;
    %jmp T_9.7;
T_9.3 ;
    %pushi/vec4 7, 0, 3;
    %store/vec4 v0x55c3b81d2900_0, 0, 3;
    %jmp T_9.7;
T_9.4 ;
    %pushi/vec4 0, 0, 3;
    %store/vec4 v0x55c3b81d2900_0, 0, 3;
    %jmp T_9.7;
T_9.5 ;
    %pushi/vec4 4, 0, 3;
    %store/vec4 v0x55c3b81d2900_0, 0, 3;
    %jmp T_9.7;
T_9.6 ;
    %pushi/vec4 5, 0, 3;
    %store/vec4 v0x55c3b81d2900_0, 0, 3;
    %jmp T_9.7;
T_9.7 ;
    %pop/vec4 1;
    %jmp T_9.1;
T_9.1 ;
    %pop/vec4 1;
    %jmp T_9;
    .thread T_9, $push;
    .scope S_0x55c3b81d2b10;
T_10 ;
    %wait E_0x55c3b81d2e10;
    %pushi/vec4 0, 0, 1;
    %store/vec4 v0x55c3b81d34d0_0, 0, 1;
    %load/vec4 v0x55c3b81d3350_0;
    %dup/vec4;
    %pushi/vec4 0, 0, 6;
    %cmp/u;
    %jmp/1 T_10.0, 6;
    %jmp T_10.1;
T_10.0 ;
    %pushi/vec4 1, 0, 1;
    %store/vec4 v0x55c3b81d3410_0, 0, 1;
    %pushi/vec4 0, 0, 1;
    %store/vec4 v0x55c3b81d3020_0, 0, 1;
    %pushi/vec4 0, 0, 1;
    %store/vec4 v0x55c3b81d30f0_0, 0, 1;
    %pushi/vec4 0, 0, 1;
    %store/vec4 v0x55c3b81d31c0_0, 0, 1;
    %pushi/vec4 0, 0, 1;
    %store/vec4 v0x55c3b81d32b0_0, 0, 1;
    %pushi/vec4 0, 0, 1;
    %store/vec4 v0x55c3b81d2f80_0, 0, 1;
    %pushi/vec4 1, 0, 1;
    %store/vec4 v0x55c3b81d34d0_0, 0, 1;
    %pushi/vec4 7, 0, 3;
    %store/vec4 v0x55c3b81d2e70_0, 0, 3;
    %jmp T_10.1;
T_10.1 ;
    %pop/vec4 1;
    %jmp T_10;
    .thread T_10, $push;
    .scope S_0x55c3b81d36a0;
T_11 ;
    %wait E_0x55c3b81d3950;
    %load/vec4 v0x55c3b81d3c50_0;
    %flag_set/vec4 8;
    %jmp/0xz  T_11.0, 8;
    %load/vec4 v0x55c3b81d39d0_0;
    %store/vec4 v0x55c3b81d3b80_0, 0, 32;
    %jmp T_11.1;
T_11.0 ;
    %load/vec4 v0x55c3b81d3ae0_0;
    %store/vec4 v0x55c3b81d3b80_0, 0, 32;
T_11.1 ;
    %jmp T_11;
    .thread T_11, $push;
    .scope S_0x55c3b81d3d90;
T_12 ;
    %wait E_0x55c3b81d3fd0;
    %load/vec4 v0x55c3b81d4330_0;
    %flag_set/vec4 8;
    %jmp/0xz  T_12.0, 8;
    %load/vec4 v0x55c3b81d4050_0;
    %store/vec4 v0x55c3b81d4230_0, 0, 5;
    %jmp T_12.1;
T_12.0 ;
    %load/vec4 v0x55c3b81d4150_0;
    %store/vec4 v0x55c3b81d4230_0, 0, 5;
T_12.1 ;
    %jmp T_12;
    .thread T_12, $push;
    .scope S_0x55c3b81d4470;
T_13 ;
    %wait E_0x55c3b81d46b0;
    %load/vec4 v0x55c3b81d48e0_0;
    %flag_set/vec4 8;
    %jmp/0xz  T_13.0, 8;
    %load/vec4 v0x55c3b81d4730_0;
    %store/vec4 v0x55c3b81d4810_0, 0, 32;
    %jmp T_13.1;
T_13.0 ;
    %pushi/vec4 1, 0, 32;
    %store/vec4 v0x55c3b81d4810_0, 0, 32;
T_13.1 ;
    %jmp T_13;
    .thread T_13, $push;
    .scope S_0x55c3b81d4a10;
T_14 ;
    %wait E_0x55c3b81d4c30;
    %load/vec4 v0x55c3b81d4ea0_0;
    %flag_set/vec4 8;
    %jmp/0xz  T_14.0, 8;
    %load/vec4 v0x55c3b81d4cb0_0;
    %store/vec4 v0x55c3b81d4de0_0, 0, 32;
    %jmp T_14.1;
T_14.0 ;
    %pushi/vec4 1, 0, 32;
    %store/vec4 v0x55c3b81d4de0_0, 0, 32;
T_14.1 ;
    %jmp T_14;
    .thread T_14, $push;
# The file index is used to find the file name in the following table.
:file_names 14;
    "N/A";
    "<interactive>";
    "Fase1.v";
    "mpc.v";
    "Sumador.v";
    "meins.v";
    "Registro.v";
    "Mem.v";
    "Alu.v";
    "Alucontrol.v";
    "Unidad.v";
    "mux32.v";
    "mux5.v";
    "MUX323.v";
